{"/home/travis/build/npmtest/node-npmtest-sw-offline-google-analytics/test.js":{"path":"/home/travis/build/npmtest/node-npmtest-sw-offline-google-analytics/test.js","s":{"1":2,"2":2,"3":2,"4":2,"5":2,"6":2,"7":2,"8":1,"9":2,"10":2,"11":1,"12":1,"13":1,"14":1,"15":2,"16":2,"17":2,"18":2,"19":1,"20":1,"21":2,"22":2,"23":2,"24":1,"25":1,"26":1,"27":1,"28":1,"29":1,"30":1,"31":1,"32":1,"33":1,"34":1,"35":1,"36":1,"37":1,"38":1,"39":2,"40":2,"41":1,"42":2,"43":2,"44":1,"45":2,"46":2,"47":1,"48":2,"49":2,"50":1,"51":1,"52":1,"53":1,"54":1},"b":{"1":[2,1,1,1],"2":[1,1,1,1],"3":[1,1],"4":[1,1],"5":[1,1],"6":[1,1],"7":[1,1],"8":[1,1],"9":[1,1],"10":[1,1,1],"11":[1,1],"12":[1,1],"13":[1,1],"14":[1,1],"15":[1,1],"16":[1,1],"17":[1,1]},"f":{"1":2,"2":2,"3":2,"4":2,"5":2,"6":1,"7":1,"8":1,"9":2,"10":2,"11":2,"12":2,"13":1},"fnMap":{"1":{"name":"(anonymous_1)","line":12,"loc":{"start":{"line":12,"column":1},"end":{"line":12,"column":13}}},"2":{"name":"(anonymous_2)","line":19,"loc":{"start":{"line":19,"column":5},"end":{"line":19,"column":17}}},"3":{"name":"(anonymous_3)","line":23,"loc":{"start":{"line":23,"column":24},"end":{"line":23,"column":36}}},"4":{"name":"(anonymous_4)","line":61,"loc":{"start":{"line":61,"column":5},"end":{"line":61,"column":17}}},"5":{"name":"(anonymous_5)","line":82,"loc":{"start":{"line":82,"column":5},"end":{"line":82,"column":17}}},"6":{"name":"(anonymous_6)","line":91,"loc":{"start":{"line":91,"column":77},"end":{"line":94,"column":10}}},"7":{"name":"(anonymous_7)","line":112,"loc":{"start":{"line":112,"column":83},"end":{"line":115,"column":10}},"skip":true},"8":{"name":"(anonymous_8)","line":123,"loc":{"start":{"line":123,"column":77},"end":{"line":126,"column":10}},"skip":true},"9":{"name":"(anonymous_9)","line":139,"loc":{"start":{"line":139,"column":12},"end":{"line":139,"column":40}},"skip":true},"10":{"name":"(anonymous_10)","line":147,"loc":{"start":{"line":147,"column":77},"end":{"line":150,"column":10}},"skip":true},"11":{"name":"(anonymous_11)","line":158,"loc":{"start":{"line":158,"column":83},"end":{"line":161,"column":10}},"skip":true},"12":{"name":"(anonymous_12)","line":169,"loc":{"start":{"line":169,"column":79},"end":{"line":172,"column":10}},"skip":true},"13":{"name":"(anonymous_13)","line":180,"loc":{"start":{"line":180,"column":75},"end":{"line":183,"column":10}},"skip":true}},"statementMap":{"1":{"start":{"line":12,"column":0},"end":{"line":195,"column":5}},"2":{"start":{"line":14,"column":4},"end":{"line":14,"column":14}},"3":{"start":{"line":19,"column":4},"end":{"line":56,"column":9}},"4":{"start":{"line":21,"column":8},"end":{"line":21,"column":19}},"5":{"start":{"line":23,"column":8},"end":{"line":35,"column":13}},"6":{"start":{"line":24,"column":12},"end":{"line":34,"column":13}},"7":{"start":{"line":25,"column":16},"end":{"line":28,"column":30}},"8":{"start":{"line":30,"column":16},"end":{"line":33,"column":27}},"9":{"start":{"line":37,"column":8},"end":{"line":39,"column":21}},"10":{"start":{"line":40,"column":8},"end":{"line":53,"column":9}},"11":{"start":{"line":43,"column":12},"end":{"line":46,"column":14}},"12":{"start":{"line":47,"column":12},"end":{"line":47,"column":18}},"13":{"start":{"line":50,"column":12},"end":{"line":51,"column":33}},"14":{"start":{"line":52,"column":12},"end":{"line":52,"column":18}},"15":{"start":{"line":55,"column":8},"end":{"line":55,"column":35}},"16":{"start":{"line":61,"column":4},"end":{"line":63,"column":9}},"17":{"start":{"line":62,"column":8},"end":{"line":62,"column":15}},"18":{"start":{"line":64,"column":4},"end":{"line":77,"column":5}},"19":{"start":{"line":70,"column":8},"end":{"line":70,"column":14}},"20":{"start":{"line":76,"column":8},"end":{"line":76,"column":14}},"21":{"start":{"line":82,"column":4},"end":{"line":84,"column":9}},"22":{"start":{"line":83,"column":8},"end":{"line":83,"column":15}},"23":{"start":{"line":85,"column":4},"end":{"line":194,"column":5}},"24":{"start":{"line":91,"column":8},"end":{"line":99,"column":10}},"25":{"start":{"line":98,"column":12},"end":{"line":98,"column":35}},"26":{"start":{"line":102,"column":8},"end":{"line":104,"column":63}},"27":{"start":{"line":105,"column":8},"end":{"line":105,"column":14}},"28":{"start":{"line":112,"column":8},"end":{"line":121,"column":10},"skip":true},"29":{"start":{"line":119,"column":12},"end":{"line":119,"column":55},"skip":true},"30":{"start":{"line":120,"column":12},"end":{"line":120,"column":48},"skip":true},"31":{"start":{"line":123,"column":8},"end":{"line":136,"column":10},"skip":true},"32":{"start":{"line":130,"column":12},"end":{"line":130,"column":76},"skip":true},"33":{"start":{"line":131,"column":12},"end":{"line":131,"column":73},"skip":true},"34":{"start":{"line":132,"column":12},"end":{"line":132,"column":74},"skip":true},"35":{"start":{"line":133,"column":12},"end":{"line":133,"column":79},"skip":true},"36":{"start":{"line":134,"column":12},"end":{"line":134,"column":25},"skip":true},"37":{"start":{"line":135,"column":12},"end":{"line":135,"column":45},"skip":true},"38":{"start":{"line":138,"column":8},"end":{"line":145,"column":14},"skip":true},"39":{"start":{"line":143,"column":16},"end":{"line":143,"column":29},"skip":true},"40":{"start":{"line":144,"column":16},"end":{"line":144,"column":55},"skip":true},"41":{"start":{"line":147,"column":8},"end":{"line":156,"column":10},"skip":true},"42":{"start":{"line":154,"column":12},"end":{"line":154,"column":25},"skip":true},"43":{"start":{"line":155,"column":12},"end":{"line":155,"column":45},"skip":true},"44":{"start":{"line":158,"column":8},"end":{"line":167,"column":10},"skip":true},"45":{"start":{"line":165,"column":12},"end":{"line":165,"column":25},"skip":true},"46":{"start":{"line":166,"column":12},"end":{"line":166,"column":48},"skip":true},"47":{"start":{"line":169,"column":8},"end":{"line":178,"column":10},"skip":true},"48":{"start":{"line":176,"column":12},"end":{"line":176,"column":25},"skip":true},"49":{"start":{"line":177,"column":12},"end":{"line":177,"column":46},"skip":true},"50":{"start":{"line":180,"column":8},"end":{"line":189,"column":10},"skip":true},"51":{"start":{"line":187,"column":12},"end":{"line":187,"column":94},"skip":true},"52":{"start":{"line":188,"column":12},"end":{"line":188,"column":48},"skip":true},"53":{"start":{"line":192,"column":8},"end":{"line":192,"column":35},"skip":true},"54":{"start":{"line":193,"column":8},"end":{"line":193,"column":14},"skip":true}},"branchMap":{"1":{"line":25,"type":"binary-expr","locations":[{"start":{"line":25,"column":23},"end":{"line":25,"column":62}},{"start":{"line":26,"column":20},"end":{"line":26,"column":70}},{"start":{"line":27,"column":20},"end":{"line":27,"column":71}},{"start":{"line":28,"column":20},"end":{"line":28,"column":29}}]},"2":{"line":30,"type":"binary-expr","locations":[{"start":{"line":30,"column":23},"end":{"line":30,"column":37}},{"start":{"line":31,"column":20},"end":{"line":31,"column":61}},{"start":{"line":32,"column":20},"end":{"line":32,"column":70}},{"start":{"line":33,"column":20},"end":{"line":33,"column":26}}]},"3":{"line":37,"type":"cond-expr","locations":[{"start":{"line":38,"column":14},"end":{"line":38,"column":20}},{"start":{"line":39,"column":14},"end":{"line":39,"column":20}}]},"4":{"line":40,"type":"switch","locations":[{"start":{"line":42,"column":8},"end":{"line":47,"column":18}},{"start":{"line":49,"column":8},"end":{"line":52,"column":18}}]},"5":{"line":44,"type":"binary-expr","locations":[{"start":{"line":44,"column":16},"end":{"line":44,"column":44}},{"start":{"line":44,"column":48},"end":{"line":44,"column":66}}]},"6":{"line":50,"type":"binary-expr","locations":[{"start":{"line":50,"column":21},"end":{"line":50,"column":49}},{"start":{"line":50,"column":53},"end":{"line":50,"column":72}}]},"7":{"line":64,"type":"switch","locations":[{"start":{"line":69,"column":4},"end":{"line":70,"column":14}},{"start":{"line":75,"column":4},"end":{"line":76,"column":14}}]},"8":{"line":85,"type":"switch","locations":[{"start":{"line":90,"column":4},"end":{"line":105,"column":14}},{"start":{"line":111,"column":4},"end":{"line":193,"column":14},"skip":true}]},"9":{"line":91,"type":"binary-expr","locations":[{"start":{"line":91,"column":42},"end":{"line":91,"column":73}},{"start":{"line":91,"column":77},"end":{"line":99,"column":9}}]},"10":{"line":102,"type":"binary-expr","locations":[{"start":{"line":102,"column":18},"end":{"line":102,"column":32}},{"start":{"line":103,"column":12},"end":{"line":103,"column":53}},{"start":{"line":104,"column":12},"end":{"line":104,"column":61}}]},"11":{"line":112,"type":"binary-expr","locations":[{"start":{"line":112,"column":45},"end":{"line":112,"column":79},"skip":true},{"start":{"line":112,"column":83},"end":{"line":121,"column":9},"skip":true}]},"12":{"line":123,"type":"binary-expr","locations":[{"start":{"line":123,"column":42},"end":{"line":123,"column":73},"skip":true},{"start":{"line":123,"column":77},"end":{"line":136,"column":9},"skip":true}]},"13":{"line":138,"type":"binary-expr","locations":[{"start":{"line":138,"column":48},"end":{"line":138,"column":85},"skip":true},{"start":{"line":139,"column":12},"end":{"line":145,"column":13},"skip":true}]},"14":{"line":147,"type":"binary-expr","locations":[{"start":{"line":147,"column":42},"end":{"line":147,"column":73},"skip":true},{"start":{"line":147,"column":77},"end":{"line":156,"column":9},"skip":true}]},"15":{"line":158,"type":"binary-expr","locations":[{"start":{"line":158,"column":45},"end":{"line":158,"column":79},"skip":true},{"start":{"line":158,"column":83},"end":{"line":167,"column":9},"skip":true}]},"16":{"line":169,"type":"binary-expr","locations":[{"start":{"line":169,"column":43},"end":{"line":169,"column":75},"skip":true},{"start":{"line":169,"column":79},"end":{"line":178,"column":9},"skip":true}]},"17":{"line":180,"type":"binary-expr","locations":[{"start":{"line":180,"column":41},"end":{"line":180,"column":71},"skip":true},{"start":{"line":180,"column":75},"end":{"line":189,"column":9},"skip":true}]}},"code":["/* istanbul instrument in package npmtest_sw_offline_google_analytics */","/*jslint","    bitwise: true,","    browser: true,","    maxerr: 8,","    maxlen: 96,","    node: true,","    nomen: true,","    regexp: true,","    stupid: true","*/","(function () {","    'use strict';","    var local;","","","","    // run shared js-env code - pre-init","    (function () {","        // init local","        local = {};","        // init modeJs","        local.modeJs = (function () {","            try {","                return typeof navigator.userAgent === 'string' &&","                    typeof document.querySelector('body') === 'object' &&","                    typeof XMLHttpRequest.prototype.open === 'function' &&","                    'browser';","            } catch (errorCaughtBrowser) {","                return module.exports &&","                    typeof process.versions.node === 'string' &&","                    typeof require('http').createServer === 'function' &&","                    'node';","            }","        }());","        // init global","        local.global = local.modeJs === 'browser'","            ? window","            : global;","        switch (local.modeJs) {","        // re-init local from window.local","        case 'browser':","            local = local.global.utility2.objectSetDefault(","                local.global.utility2_rollup || local.global.local,","                local.global.utility2","            );","            break;","        // re-init local from example.js","        case 'node':","            local = (local.global.utility2_rollup || require('utility2'))","                .requireReadme();","            break;","        }","        // export local","        local.global.local = local;","    }());","","","","    // run shared js-env code - function","    (function () {","        return;","    }());","    switch (local.modeJs) {","","","","    // run browser js-env code - function","    case 'browser':","        break;","","","","    // run node js-env code - function","    case 'node':","        break;","    }","","","","    // run shared js-env code - post-init","    (function () {","        return;","    }());","    switch (local.modeJs) {","","","","    // run browser js-env code - post-init","    case 'browser':","        local.testCase_browser_nullCase = local.testCase_browser_nullCase || function (","            options,","            onError","        ) {","        /*","         * this function will test browsers's null-case handling-behavior-behavior","         */","            onError(null, options);","        };","","        // run tests","        local.nop(local.modeTest &&","            document.querySelector('#testRunButton1') &&","            document.querySelector('#testRunButton1').click());","        break;","","","","    // run node js-env code - post-init","    /* istanbul ignore next */","    case 'node':","        local.testCase_buildApidoc_default = local.testCase_buildApidoc_default || function (","            options,","            onError","        ) {","        /*","         * this function will test buildApidoc's default handling-behavior-behavior","         */","            options = { modulePathList: module.paths };","            local.buildApidoc(options, onError);","        };","","        local.testCase_buildApp_default = local.testCase_buildApp_default || function (","            options,","            onError","        ) {","        /*","         * this function will test buildApp's default handling-behavior-behavior","         */","            local.testCase_buildReadme_default(options, local.onErrorThrow);","            local.testCase_buildLib_default(options, local.onErrorThrow);","            local.testCase_buildTest_default(options, local.onErrorThrow);","            local.testCase_buildCustomOrg_default(options, local.onErrorThrow);","            options = [];","            local.buildApp(options, onError);","        };","","        local.testCase_buildCustomOrg_default = local.testCase_buildCustomOrg_default ||","            function (options, onError) {","            /*","             * this function will test buildCustomOrg's default handling-behavior","             */","                options = {};","                local.buildCustomOrg(options, onError);","            };","","        local.testCase_buildLib_default = local.testCase_buildLib_default || function (","            options,","            onError","        ) {","        /*","         * this function will test buildLib's default handling-behavior","         */","            options = {};","            local.buildLib(options, onError);","        };","","        local.testCase_buildReadme_default = local.testCase_buildReadme_default || function (","            options,","            onError","        ) {","        /*","         * this function will test buildReadme's default handling-behavior-behavior","         */","            options = {};","            local.buildReadme(options, onError);","        };","","        local.testCase_buildTest_default = local.testCase_buildTest_default || function (","            options,","            onError","        ) {","        /*","         * this function will test buildTest's default handling-behavior","         */","            options = {};","            local.buildTest(options, onError);","        };","","        local.testCase_webpage_default = local.testCase_webpage_default || function (","            options,","            onError","        ) {","        /*","         * this function will test webpage's default handling-behavior","         */","            options = { modeCoverageMerge: true, url: local.serverLocalHost + '?modeTest=1' };","            local.browserTest(options, onError);","        };","","        // run test-server","        local.testRunServer(local);","        break;","    }","}());",""],"l":{"12":2,"14":2,"19":2,"21":2,"23":2,"24":2,"25":2,"30":1,"37":2,"40":2,"43":1,"47":1,"50":1,"52":1,"55":2,"61":2,"62":2,"64":2,"70":1,"76":1,"82":2,"83":2,"85":2,"91":1,"98":1,"102":1,"105":1,"112":1,"119":1,"120":1,"123":1,"130":1,"131":1,"132":1,"133":1,"134":1,"135":1,"138":1,"143":2,"144":2,"147":1,"154":2,"155":2,"158":1,"165":2,"166":2,"169":1,"176":2,"177":2,"180":1,"187":1,"188":1,"192":1,"193":1}},"/home/travis/build/npmtest/node-npmtest-sw-offline-google-analytics/lib.npmtest_sw_offline_google_analytics.js":{"path":"/home/travis/build/npmtest/node-npmtest-sw-offline-google-analytics/lib.npmtest_sw_offline_google_analytics.js","s":{"1":2,"2":2,"3":2,"4":2,"5":2,"6":2,"7":2,"8":1,"9":2,"10":2,"11":2,"12":2,"13":1,"14":1,"15":1,"16":1},"b":{"1":[2,1,1,1],"2":[1,1,1,1],"3":[1,1],"4":[2,2],"5":[1,1]},"f":{"1":2,"2":2,"3":2},"fnMap":{"1":{"name":"(anonymous_1)","line":12,"loc":{"start":{"line":12,"column":1},"end":{"line":12,"column":13}}},"2":{"name":"(anonymous_2)","line":19,"loc":{"start":{"line":19,"column":5},"end":{"line":19,"column":17}}},"3":{"name":"(anonymous_3)","line":23,"loc":{"start":{"line":23,"column":24},"end":{"line":23,"column":36}}}},"statementMap":{"1":{"start":{"line":12,"column":0},"end":{"line":53,"column":5}},"2":{"start":{"line":14,"column":4},"end":{"line":14,"column":14}},"3":{"start":{"line":19,"column":4},"end":{"line":52,"column":9}},"4":{"start":{"line":21,"column":8},"end":{"line":21,"column":19}},"5":{"start":{"line":23,"column":8},"end":{"line":35,"column":13}},"6":{"start":{"line":24,"column":12},"end":{"line":34,"column":13}},"7":{"start":{"line":25,"column":16},"end":{"line":28,"column":30}},"8":{"start":{"line":30,"column":16},"end":{"line":33,"column":27}},"9":{"start":{"line":37,"column":8},"end":{"line":39,"column":21}},"10":{"start":{"line":41,"column":8},"end":{"line":41,"column":54}},"11":{"start":{"line":43,"column":8},"end":{"line":43,"column":72}},"12":{"start":{"line":45,"column":8},"end":{"line":51,"column":9}},"13":{"start":{"line":46,"column":12},"end":{"line":46,"column":78}},"14":{"start":{"line":48,"column":12},"end":{"line":48,"column":35}},"15":{"start":{"line":49,"column":12},"end":{"line":49,"column":49}},"16":{"start":{"line":50,"column":12},"end":{"line":50,"column":43}}},"branchMap":{"1":{"line":25,"type":"binary-expr","locations":[{"start":{"line":25,"column":23},"end":{"line":25,"column":62}},{"start":{"line":26,"column":20},"end":{"line":26,"column":70}},{"start":{"line":27,"column":20},"end":{"line":27,"column":71}},{"start":{"line":28,"column":20},"end":{"line":28,"column":29}}]},"2":{"line":30,"type":"binary-expr","locations":[{"start":{"line":30,"column":23},"end":{"line":30,"column":37}},{"start":{"line":31,"column":20},"end":{"line":31,"column":61}},{"start":{"line":32,"column":20},"end":{"line":32,"column":70}},{"start":{"line":33,"column":20},"end":{"line":33,"column":26}}]},"3":{"line":37,"type":"cond-expr","locations":[{"start":{"line":38,"column":14},"end":{"line":38,"column":20}},{"start":{"line":39,"column":14},"end":{"line":39,"column":20}}]},"4":{"line":41,"type":"binary-expr","locations":[{"start":{"line":41,"column":16},"end":{"line":41,"column":44}},{"start":{"line":41,"column":48},"end":{"line":41,"column":53}}]},"5":{"line":45,"type":"if","locations":[{"start":{"line":45,"column":8},"end":{"line":45,"column":8}},{"start":{"line":45,"column":8},"end":{"line":45,"column":8}}]}},"code":["/* istanbul instrument in package npmtest_sw_offline_google_analytics */","/*jslint","    bitwise: true,","    browser: true,","    maxerr: 8,","    maxlen: 96,","    node: true,","    nomen: true,","    regexp: true,","    stupid: true","*/","(function () {","    'use strict';","    var local;","","","","    // run shared js-env code - pre-init","    (function () {","        // init local","        local = {};","        // init modeJs","        local.modeJs = (function () {","            try {","                return typeof navigator.userAgent === 'string' &&","                    typeof document.querySelector('body') === 'object' &&","                    typeof XMLHttpRequest.prototype.open === 'function' &&","                    'browser';","            } catch (errorCaughtBrowser) {","                return module.exports &&","                    typeof process.versions.node === 'string' &&","                    typeof require('http').createServer === 'function' &&","                    'node';","            }","        }());","        // init global","        local.global = local.modeJs === 'browser'","            ? window","            : global;","        // init utility2_rollup","        local = local.global.utility2_rollup || local;","        // init lib","        local.local = local.npmtest_sw_offline_google_analytics = local;","        // init exports","        if (local.modeJs === 'browser') {","            local.global.utility2_npmtest_sw_offline_google_analytics = local;","        } else {","            module.exports = local;","            module.exports.__dirname = __dirname;","            module.exports.module = module;","        }","    }());","}());",""],"l":{"12":2,"14":2,"19":2,"21":2,"23":2,"24":2,"25":2,"30":1,"37":2,"41":2,"43":2,"45":2,"46":1,"48":1,"49":1,"50":1}},"/home/travis/build/npmtest/node-npmtest-sw-offline-google-analytics/example.js":{"path":"/home/travis/build/npmtest/node-npmtest-sw-offline-google-analytics/example.js","s":{"1":2,"2":2,"3":2,"4":2,"5":2,"6":2,"7":2,"8":1,"9":2,"10":2,"11":2,"12":2,"13":1,"14":2,"15":2,"16":2,"17":2,"18":2,"19":0,"20":2,"21":1,"22":1,"23":1,"24":1,"25":1,"26":0,"27":0,"28":1,"29":1,"30":2,"31":0,"32":0,"33":0,"34":1,"35":2,"36":2,"37":3,"38":3,"39":3,"40":3,"41":0,"42":3,"43":3,"44":3,"45":1,"46":3,"47":1,"48":1,"49":1,"50":1,"51":1,"52":1,"53":1,"54":1,"55":1,"56":1,"57":0,"58":1,"59":6,"60":6,"61":1,"62":2,"63":0,"64":2,"65":1,"66":1,"67":0,"68":0,"69":0,"70":0,"71":0,"72":0,"73":0,"74":0,"75":0,"76":0,"77":0,"78":0,"79":0,"80":0,"81":0,"82":0,"83":0},"b":{"1":[2,1,1,1],"2":[1,1,1,1],"3":[1,1],"4":[2,2],"5":[1,1],"6":[1,1],"7":[2,0],"8":[2,1,1,1,1,1],"9":[0,2,0],"10":[1,1],"11":[2,1,1],"12":[1,0],"13":[0,2],"14":[2,0,0,0,0,0,0],"15":[0,3],"16":[3,0],"17":[1,1],"18":[0,1],"19":[1,2,0,2],"20":[1,0],"21":[1,1],"22":[0,0],"23":[0,0],"24":[0,0],"25":[0,0],"26":[0,0],"27":[0,0],"28":[0,0]},"f":{"1":2,"2":2,"3":2,"4":2,"5":2,"6":2,"7":3,"8":3,"9":3,"10":1,"11":6,"12":0},"fnMap":{"1":{"name":"(anonymous_1)","line":26,"loc":{"start":{"line":26,"column":1},"end":{"line":26,"column":13}}},"2":{"name":"(anonymous_2)","line":33,"loc":{"start":{"line":33,"column":5},"end":{"line":33,"column":17}}},"3":{"name":"(anonymous_3)","line":37,"loc":{"start":{"line":37,"column":24},"end":{"line":37,"column":36}}},"4":{"name":"(anonymous_4)","line":69,"loc":{"start":{"line":69,"column":31},"end":{"line":69,"column":48}},"skip":true},"5":{"name":"(anonymous_5)","line":78,"loc":{"start":{"line":78,"column":26},"end":{"line":78,"column":45}},"skip":true},"6":{"name":"(anonymous_6)","line":123,"loc":{"start":{"line":123,"column":33},"end":{"line":123,"column":48}},"skip":true},"7":{"name":"(anonymous_7)","line":125,"loc":{"start":{"line":125,"column":27},"end":{"line":125,"column":39}},"skip":true},"8":{"name":"(anonymous_8)","line":133,"loc":{"start":{"line":133,"column":59},"end":{"line":133,"column":74}},"skip":true},"9":{"name":"(anonymous_9)","line":143,"loc":{"start":{"line":143,"column":45},"end":{"line":143,"column":62}},"skip":true},"10":{"name":"(anonymous_10)","line":144,"loc":{"start":{"line":144,"column":73},"end":{"line":144,"column":92}},"skip":true},"11":{"name":"(anonymous_11)","line":272,"loc":{"start":{"line":272,"column":51},"end":{"line":272,"column":77}},"skip":true},"12":{"name":"(anonymous_12)","line":315,"loc":{"start":{"line":315,"column":32},"end":{"line":315,"column":61}},"skip":true}},"statementMap":{"1":{"start":{"line":26,"column":0},"end":{"line":326,"column":5}},"2":{"start":{"line":28,"column":4},"end":{"line":28,"column":14}},"3":{"start":{"line":33,"column":4},"end":{"line":60,"column":9}},"4":{"start":{"line":35,"column":8},"end":{"line":35,"column":19}},"5":{"start":{"line":37,"column":8},"end":{"line":49,"column":13}},"6":{"start":{"line":38,"column":12},"end":{"line":48,"column":13}},"7":{"start":{"line":39,"column":16},"end":{"line":42,"column":30}},"8":{"start":{"line":44,"column":16},"end":{"line":47,"column":27}},"9":{"start":{"line":51,"column":8},"end":{"line":53,"column":21}},"10":{"start":{"line":55,"column":8},"end":{"line":57,"column":45}},"11":{"start":{"line":59,"column":8},"end":{"line":59,"column":35}},"12":{"start":{"line":61,"column":4},"end":{"line":325,"column":5}},"13":{"start":{"line":69,"column":8},"end":{"line":121,"column":10},"skip":true},"14":{"start":{"line":70,"column":12},"end":{"line":88,"column":13},"skip":true},"15":{"start":{"line":76,"column":16},"end":{"line":87,"column":19},"skip":true},"16":{"start":{"line":79,"column":20},"end":{"line":86,"column":21},"skip":true},"17":{"start":{"line":82,"column":24},"end":{"line":82,"column":43},"skip":true},"18":{"start":{"line":83,"column":24},"end":{"line":83,"column":30},"skip":true},"19":{"start":{"line":85,"column":24},"end":{"line":85,"column":49},"skip":true},"20":{"start":{"line":89,"column":12},"end":{"line":107,"column":13},"skip":true},"21":{"start":{"line":92,"column":16},"end":{"line":102,"column":17},"skip":true},"22":{"start":{"line":93,"column":20},"end":{"line":93,"column":86},"skip":true},"23":{"start":{"line":94,"column":20},"end":{"line":95,"column":45},"skip":true},"24":{"start":{"line":96,"column":20},"end":{"line":96,"column":42},"skip":true},"25":{"start":{"line":97,"column":20},"end":{"line":97,"column":48},"skip":true},"26":{"start":{"line":100,"column":20},"end":{"line":100,"column":85},"skip":true},"27":{"start":{"line":101,"column":20},"end":{"line":101,"column":96},"skip":true},"28":{"start":{"line":103,"column":16},"end":{"line":103,"column":22},"skip":true},"29":{"start":{"line":106,"column":16},"end":{"line":106,"column":22},"skip":true},"30":{"start":{"line":108,"column":12},"end":{"line":120,"column":13},"skip":true},"31":{"start":{"line":114,"column":16},"end":{"line":119,"column":17},"skip":true},"32":{"start":{"line":116,"column":20},"end":{"line":116,"column":78},"skip":true},"33":{"start":{"line":118,"column":20},"end":{"line":118,"column":47},"skip":true},"34":{"start":{"line":123,"column":8},"end":{"line":141,"column":11},"skip":true},"35":{"start":{"line":124,"column":12},"end":{"line":124,"column":54},"skip":true},"36":{"start":{"line":125,"column":12},"end":{"line":140,"column":14},"skip":true},"37":{"start":{"line":126,"column":16},"end":{"line":126,"column":28},"skip":true},"38":{"start":{"line":127,"column":16},"end":{"line":127,"column":69},"skip":true},"39":{"start":{"line":128,"column":16},"end":{"line":128,"column":75},"skip":true},"40":{"start":{"line":129,"column":16},"end":{"line":131,"column":17},"skip":true},"41":{"start":{"line":130,"column":20},"end":{"line":130,"column":27},"skip":true},"42":{"start":{"line":133,"column":16},"end":{"line":137,"column":36},"skip":true},"43":{"start":{"line":134,"column":20},"end":{"line":136,"column":55},"skip":true},"44":{"start":{"line":139,"column":16},"end":{"line":139,"column":57},"skip":true},"45":{"start":{"line":143,"column":8},"end":{"line":147,"column":11},"skip":true},"46":{"start":{"line":144,"column":12},"end":{"line":146,"column":15},"skip":true},"47":{"start":{"line":145,"column":16},"end":{"line":145,"column":70},"skip":true},"48":{"start":{"line":149,"column":8},"end":{"line":149,"column":31},"skip":true},"49":{"start":{"line":150,"column":8},"end":{"line":150,"column":14},"skip":true},"50":{"start":{"line":158,"column":8},"end":{"line":158,"column":31},"skip":true},"51":{"start":{"line":160,"column":8},"end":{"line":160,"column":33},"skip":true},"52":{"start":{"line":161,"column":8},"end":{"line":161,"column":37},"skip":true},"53":{"start":{"line":162,"column":8},"end":{"line":162,"column":35},"skip":true},"54":{"start":{"line":164,"column":8},"end":{"line":164,"column":50},"skip":true},"55":{"start":{"line":166,"column":8},"end":{"line":256,"column":2},"skip":true},"56":{"start":{"line":258,"column":8},"end":{"line":286,"column":9},"skip":true},"57":{"start":{"line":259,"column":12},"end":{"line":269,"column":14},"skip":true},"58":{"start":{"line":271,"column":12},"end":{"line":285,"column":19},"skip":true},"59":{"start":{"line":274,"column":20},"end":{"line":274,"column":35},"skip":true},"60":{"start":{"line":275,"column":20},"end":{"line":284,"column":21},"skip":true},"61":{"start":{"line":277,"column":24},"end":{"line":277,"column":64},"skip":true},"62":{"start":{"line":279,"column":24},"end":{"line":279,"column":40},"skip":true},"63":{"start":{"line":281,"column":24},"end":{"line":281,"column":40},"skip":true},"64":{"start":{"line":283,"column":24},"end":{"line":283,"column":39},"skip":true},"65":{"start":{"line":288,"column":8},"end":{"line":290,"column":9},"skip":true},"66":{"start":{"line":289,"column":12},"end":{"line":289,"column":18},"skip":true},"67":{"start":{"line":291,"column":8},"end":{"line":293,"column":54},"skip":true},"68":{"start":{"line":296,"column":8},"end":{"line":301,"column":37},"skip":true},"69":{"start":{"line":303,"column":8},"end":{"line":303,"column":82},"skip":true},"70":{"start":{"line":306,"column":8},"end":{"line":308,"column":9},"skip":true},"71":{"start":{"line":307,"column":12},"end":{"line":307,"column":82},"skip":true},"72":{"start":{"line":310,"column":8},"end":{"line":312,"column":9},"skip":true},"73":{"start":{"line":311,"column":12},"end":{"line":311,"column":18},"skip":true},"74":{"start":{"line":313,"column":8},"end":{"line":313,"column":54},"skip":true},"75":{"start":{"line":314,"column":8},"end":{"line":314,"column":69},"skip":true},"76":{"start":{"line":315,"column":8},"end":{"line":323,"column":36},"skip":true},"77":{"start":{"line":316,"column":12},"end":{"line":316,"column":61},"skip":true},"78":{"start":{"line":317,"column":12},"end":{"line":320,"column":13},"skip":true},"79":{"start":{"line":318,"column":16},"end":{"line":318,"column":75},"skip":true},"80":{"start":{"line":319,"column":16},"end":{"line":319,"column":23},"skip":true},"81":{"start":{"line":321,"column":12},"end":{"line":321,"column":38},"skip":true},"82":{"start":{"line":322,"column":12},"end":{"line":322,"column":27},"skip":true},"83":{"start":{"line":324,"column":8},"end":{"line":324,"column":14},"skip":true}},"branchMap":{"1":{"line":39,"type":"binary-expr","locations":[{"start":{"line":39,"column":23},"end":{"line":39,"column":62}},{"start":{"line":40,"column":20},"end":{"line":40,"column":70}},{"start":{"line":41,"column":20},"end":{"line":41,"column":71}},{"start":{"line":42,"column":20},"end":{"line":42,"column":29}}]},"2":{"line":44,"type":"binary-expr","locations":[{"start":{"line":44,"column":23},"end":{"line":44,"column":37}},{"start":{"line":45,"column":20},"end":{"line":45,"column":61}},{"start":{"line":46,"column":20},"end":{"line":46,"column":70}},{"start":{"line":47,"column":20},"end":{"line":47,"column":26}}]},"3":{"line":51,"type":"cond-expr","locations":[{"start":{"line":52,"column":14},"end":{"line":52,"column":20}},{"start":{"line":53,"column":14},"end":{"line":53,"column":20}}]},"4":{"line":55,"type":"binary-expr","locations":[{"start":{"line":55,"column":16},"end":{"line":55,"column":44}},{"start":{"line":55,"column":49},"end":{"line":57,"column":43}}]},"5":{"line":55,"type":"cond-expr","locations":[{"start":{"line":56,"column":14},"end":{"line":56,"column":71}},{"start":{"line":57,"column":14},"end":{"line":57,"column":43}}]},"6":{"line":61,"type":"switch","locations":[{"start":{"line":68,"column":4},"end":{"line":150,"column":14},"skip":true},{"start":{"line":156,"column":4},"end":{"line":324,"column":14},"skip":true}]},"7":{"line":70,"type":"if","locations":[{"start":{"line":70,"column":12},"end":{"line":70,"column":12},"skip":true},{"start":{"line":70,"column":12},"end":{"line":70,"column":12},"skip":true}]},"8":{"line":70,"type":"binary-expr","locations":[{"start":{"line":70,"column":16},"end":{"line":70,"column":22},"skip":true},{"start":{"line":70,"column":27},"end":{"line":70,"column":32},"skip":true},{"start":{"line":71,"column":20},"end":{"line":71,"column":39},"skip":true},{"start":{"line":72,"column":20},"end":{"line":72,"column":49},"skip":true},{"start":{"line":73,"column":20},"end":{"line":73,"column":58},"skip":true},{"start":{"line":74,"column":20},"end":{"line":74,"column":69},"skip":true}]},"9":{"line":79,"type":"switch","locations":[{"start":{"line":80,"column":20},"end":{"line":80,"column":33},"skip":true},{"start":{"line":81,"column":20},"end":{"line":83,"column":30},"skip":true},{"start":{"line":84,"column":20},"end":{"line":85,"column":49},"skip":true}]},"10":{"line":89,"type":"switch","locations":[{"start":{"line":90,"column":12},"end":{"line":103,"column":22},"skip":true},{"start":{"line":105,"column":12},"end":{"line":106,"column":22},"skip":true}]},"11":{"line":89,"type":"binary-expr","locations":[{"start":{"line":89,"column":20},"end":{"line":89,"column":25},"skip":true},{"start":{"line":89,"column":29},"end":{"line":89,"column":48},"skip":true},{"start":{"line":89,"column":52},"end":{"line":89,"column":74},"skip":true}]},"12":{"line":92,"type":"if","locations":[{"start":{"line":92,"column":16},"end":{"line":92,"column":16},"skip":true},{"start":{"line":92,"column":16},"end":{"line":92,"column":16},"skip":true}]},"13":{"line":108,"type":"if","locations":[{"start":{"line":108,"column":12},"end":{"line":108,"column":12},"skip":true},{"start":{"line":108,"column":12},"end":{"line":108,"column":12},"skip":true}]},"14":{"line":108,"type":"binary-expr","locations":[{"start":{"line":108,"column":16},"end":{"line":108,"column":61},"skip":true},{"start":{"line":108,"column":66},"end":{"line":108,"column":72},"skip":true},{"start":{"line":108,"column":77},"end":{"line":108,"column":82},"skip":true},{"start":{"line":109,"column":20},"end":{"line":109,"column":39},"skip":true},{"start":{"line":110,"column":20},"end":{"line":110,"column":49},"skip":true},{"start":{"line":111,"column":20},"end":{"line":111,"column":58},"skip":true},{"start":{"line":112,"column":20},"end":{"line":112,"column":68},"skip":true}]},"15":{"line":129,"type":"if","locations":[{"start":{"line":129,"column":16},"end":{"line":129,"column":16},"skip":true},{"start":{"line":129,"column":16},"end":{"line":129,"column":16},"skip":true}]},"16":{"line":134,"type":"cond-expr","locations":[{"start":{"line":135,"column":26},"end":{"line":135,"column":29},"skip":true},{"start":{"line":136,"column":26},"end":{"line":136,"column":54},"skip":true}]},"17":{"line":164,"type":"binary-expr","locations":[{"start":{"line":164,"column":27},"end":{"line":164,"column":43},"skip":true},{"start":{"line":164,"column":47},"end":{"line":164,"column":49},"skip":true}]},"18":{"line":258,"type":"if","locations":[{"start":{"line":258,"column":8},"end":{"line":258,"column":8},"skip":true},{"start":{"line":258,"column":8},"end":{"line":258,"column":8},"skip":true}]},"19":{"line":275,"type":"switch","locations":[{"start":{"line":276,"column":20},"end":{"line":277,"column":64},"skip":true},{"start":{"line":278,"column":20},"end":{"line":279,"column":40},"skip":true},{"start":{"line":280,"column":20},"end":{"line":281,"column":40},"skip":true},{"start":{"line":282,"column":20},"end":{"line":283,"column":39},"skip":true}]},"20":{"line":288,"type":"if","locations":[{"start":{"line":288,"column":8},"end":{"line":288,"column":8},"skip":true},{"start":{"line":288,"column":8},"end":{"line":288,"column":8},"skip":true}]},"21":{"line":288,"type":"binary-expr","locations":[{"start":{"line":288,"column":12},"end":{"line":288,"column":40},"skip":true},{"start":{"line":288,"column":44},"end":{"line":288,"column":67},"skip":true}]},"22":{"line":292,"type":"binary-expr","locations":[{"start":{"line":292,"column":12},"end":{"line":292,"column":50},"skip":true},{"start":{"line":293,"column":12},"end":{"line":293,"column":53},"skip":true}]},"23":{"line":297,"type":"binary-expr","locations":[{"start":{"line":297,"column":12},"end":{"line":297,"column":85},"skip":true},{"start":{"line":298,"column":12},"end":{"line":301,"column":36},"skip":true}]},"24":{"line":303,"type":"binary-expr","locations":[{"start":{"line":303,"column":43},"end":{"line":303,"column":75},"skip":true},{"start":{"line":303,"column":79},"end":{"line":303,"column":81},"skip":true}]},"25":{"line":306,"type":"if","locations":[{"start":{"line":306,"column":8},"end":{"line":306,"column":8},"skip":true},{"start":{"line":306,"column":8},"end":{"line":306,"column":8},"skip":true}]},"26":{"line":310,"type":"if","locations":[{"start":{"line":310,"column":8},"end":{"line":310,"column":8},"skip":true},{"start":{"line":310,"column":8},"end":{"line":310,"column":8},"skip":true}]},"27":{"line":313,"type":"binary-expr","locations":[{"start":{"line":313,"column":27},"end":{"line":313,"column":43},"skip":true},{"start":{"line":313,"column":47},"end":{"line":313,"column":53},"skip":true}]},"28":{"line":317,"type":"if","locations":[{"start":{"line":317,"column":12},"end":{"line":317,"column":12},"skip":true},{"start":{"line":317,"column":12},"end":{"line":317,"column":12},"skip":true}]}},"code":["/*","example.js","","quickstart example","","instruction","    1. save this script as example.js","    2. run the shell command:","        $ npm install npmtest-sw-offline-google-analytics && PORT=8081 node example.js","    3. play with the browser-demo on http://127.0.0.1:8081","*/","","","","/* istanbul instrument in package npmtest_sw_offline_google_analytics */","/*jslint","    bitwise: true,","    browser: true,","    maxerr: 8,","    maxlen: 96,","    node: true,","    nomen: true,","    regexp: true,","    stupid: true","*/","(function () {","    'use strict';","    var local;","","","","    // run shared js-env code - pre-init","    (function () {","        // init local","        local = {};","        // init modeJs","        local.modeJs = (function () {","            try {","                return typeof navigator.userAgent === 'string' &&","                    typeof document.querySelector('body') === 'object' &&","                    typeof XMLHttpRequest.prototype.open === 'function' &&","                    'browser';","            } catch (errorCaughtBrowser) {","                return module.exports &&","                    typeof process.versions.node === 'string' &&","                    typeof require('http').createServer === 'function' &&","                    'node';","            }","        }());","        // init global","        local.global = local.modeJs === 'browser'","            ? window","            : global;","        // init utility2_rollup","        local = local.global.utility2_rollup || (local.modeJs === 'browser'","            ? local.global.utility2_npmtest_sw_offline_google_analytics","            : global.utility2_moduleExports);","        // export local","        local.global.local = local;","    }());","    switch (local.modeJs) {","","","","    // post-init","    // run browser js-env code - post-init","    /* istanbul ignore next */","    case 'browser':","        local.testRunBrowser = function (event) {","            if (!event || (event &&","                    event.currentTarget &&","                    event.currentTarget.className &&","                    event.currentTarget.className.includes &&","                    event.currentTarget.className.includes('onreset'))) {","                // reset output","                Array.from(","                    document.querySelectorAll('body > .resettable')","                ).forEach(function (element) {","                    switch (element.tagName) {","                    case 'INPUT':","                    case 'TEXTAREA':","                        element.value = '';","                        break;","                    default:","                        element.textContent = '';","                    }","                });","            }","            switch (event && event.currentTarget && event.currentTarget.id) {","            case 'testRunButton1':","                // show tests","                if (document.querySelector('#testReportDiv1').style.display === 'none') {","                    document.querySelector('#testReportDiv1').style.display = 'block';","                    document.querySelector('#testRunButton1').textContent =","                        'hide internal test';","                    local.modeTest = true;","                    local.testRunDefault(local);","                // hide tests","                } else {","                    document.querySelector('#testReportDiv1').style.display = 'none';","                    document.querySelector('#testRunButton1').textContent = 'run internal test';","                }","                break;","            // custom-case","            default:","                break;","            }","            if (document.querySelector('#inputTextareaEval1') && (!event || (event &&","                    event.currentTarget &&","                    event.currentTarget.className &&","                    event.currentTarget.className.includes &&","                    event.currentTarget.className.includes('oneval')))) {","                // try to eval input-code","                try {","                    /*jslint evil: true*/","                    eval(document.querySelector('#inputTextareaEval1').value);","                } catch (errorCaught) {","                    console.error(errorCaught);","                }","            }","        };","        // log stderr and stdout to #outputTextareaStdout1","        ['error', 'log'].forEach(function (key) {","            console[key + '_original'] = console[key];","            console[key] = function () {","                var element;","                console[key + '_original'].apply(console, arguments);","                element = document.querySelector('#outputTextareaStdout1');","                if (!element) {","                    return;","                }","                // append text to #outputTextareaStdout1","                element.value += Array.from(arguments).map(function (arg) {","                    return typeof arg === 'string'","                        ? arg","                        : JSON.stringify(arg, null, 4);","                }).join(' ') + '\\n';","                // scroll textarea to bottom","                element.scrollTop = element.scrollHeight;","            };","        });","        // init event-handling","        ['change', 'click', 'keyup'].forEach(function (event) {","            Array.from(document.querySelectorAll('.on' + event)).forEach(function (element) {","                element.addEventListener(event, local.testRunBrowser);","            });","        });","        // run tests","        local.testRunBrowser();","        break;","","","","    // run node js-env code - post-init","    /* istanbul ignore next */","    case 'node':","        // export local","        module.exports = local;","        // require modules","        local.fs = require('fs');","        local.http = require('http');","        local.url = require('url');","        // init assets","        local.assetsDict = local.assetsDict || {};","        /* jslint-ignore-begin */","        local.assetsDict['/assets.index.template.html'] = '\\","<!doctype html>\\n\\","<html lang=\"en\">\\n\\","<head>\\n\\","<meta charset=\"UTF-8\">\\n\\","<meta name=\"viewport\" content=\"width=device-width, initial-scale=1\">\\n\\","<title>{{env.npm_package_name}} (v{{env.npm_package_version}})</title>\\n\\","<style>\\n\\","/*csslint\\n\\","    box-sizing: false,\\n\\","    universal-selector: false\\n\\","*/\\n\\","* {\\n\\","    box-sizing: border-box;\\n\\","}\\n\\","body {\\n\\","    background: #dde;\\n\\","    font-family: Arial, Helvetica, sans-serif;\\n\\","    margin: 2rem;\\n\\","}\\n\\","body > * {\\n\\","    margin-bottom: 1rem;\\n\\","}\\n\\",".utility2FooterDiv {\\n\\","    margin-top: 20px;\\n\\","    text-align: center;\\n\\","}\\n\\","</style>\\n\\","<style>\\n\\","/*csslint\\n\\","*/\\n\\","textarea {\\n\\","    font-family: monospace;\\n\\","    height: 10rem;\\n\\","    width: 100%;\\n\\","}\\n\\","textarea[readonly] {\\n\\","    background: #ddd;\\n\\","}\\n\\","</style>\\n\\","</head>\\n\\","<body>\\n\\","<!-- utility2-comment\\n\\","<div id=\"ajaxProgressDiv1\" style=\"background: #d00; height: 2px; left: 0; margin: 0; padding: 0; position: fixed; top: 0; transition: background 0.5s, width 1.5s; width: 25%;\"></div>\\n\\","utility2-comment -->\\n\\","<h1>\\n\\","<!-- utility2-comment\\n\\","    <a\\n\\","        {{#if env.npm_package_homepage}}\\n\\","        href=\"{{env.npm_package_homepage}}\"\\n\\","        {{/if env.npm_package_homepage}}\\n\\","        target=\"_blank\"\\n\\","    >\\n\\","utility2-comment -->\\n\\","        {{env.npm_package_name}} (v{{env.npm_package_version}})\\n\\","<!-- utility2-comment\\n\\","    </a>\\n\\","utility2-comment -->\\n\\","</h1>\\n\\","<h3>{{env.npm_package_description}}</h3>\\n\\","<!-- utility2-comment\\n\\","<h4><a download href=\"assets.app.js\">download standalone app</a></h4>\\n\\","<button class=\"onclick onreset\" id=\"testRunButton1\">run internal test</button><br>\\n\\","<div id=\"testReportDiv1\" style=\"display: none;\"></div>\\n\\","utility2-comment -->\\n\\","\\n\\","\\n\\","\\n\\","<label>stderr and stdout</label>\\n\\","<textarea class=\"resettable\" id=\"outputTextareaStdout1\" readonly></textarea>\\n\\","<!-- utility2-comment\\n\\","{{#if isRollup}}\\n\\","<script src=\"assets.app.js\"></script>\\n\\","{{#unless isRollup}}\\n\\","utility2-comment -->\\n\\","<script src=\"assets.utility2.rollup.js\"></script>\\n\\","<script src=\"jsonp.utility2._stateInit?callback=window.utility2._stateInit\"></script>\\n\\","<script src=\"assets.npmtest_sw_offline_google_analytics.rollup.js\"></script>\\n\\","<script src=\"assets.example.js\"></script>\\n\\","<script src=\"assets.test.js\"></script>\\n\\","<!-- utility2-comment\\n\\","{{/if isRollup}}\\n\\","utility2-comment -->\\n\\","<div class=\"utility2FooterDiv\">\\n\\","    [ this app was created with\\n\\","    <a href=\"https://github.com/kaizhu256/node-utility2\" target=\"_blank\">utility2</a>\\n\\","    ]\\n\\","</div>\\n\\","</body>\\n\\","</html>\\n\\","';","        /* jslint-ignore-end */","        if (local.templateRender) {","            local.assetsDict['/'] = local.templateRender(","                local.assetsDict['/assets.index.template.html'],","                {","                    env: local.objectSetDefault(local.env, {","                        npm_package_description: 'the greatest app in the world!',","                        npm_package_name: 'my-app',","                        npm_package_nameAlias: 'my_app',","                        npm_package_version: '0.0.1'","                    })","                }","            );","        } else {","            local.assetsDict['/'] = local.assetsDict['/assets.index.template.html']","                .replace((/\\{\\{env\\.(\\w+?)\\}\\}/g), function (match0, match1) {","                    // jslint-hack","                    String(match0);","                    switch (match1) {","                    case 'npm_package_description':","                        return 'the greatest app in the world!';","                    case 'npm_package_name':","                        return 'my-app';","                    case 'npm_package_nameAlias':","                        return 'my_app';","                    case 'npm_package_version':","                        return '0.0.1';","                    }","                });","        }","        // run the cli","        if (local.global.utility2_rollup || module !== require.main) {","            break;","        }","        local.assetsDict['/assets.example.js'] =","            local.assetsDict['/assets.example.js'] ||","            local.fs.readFileSync(__filename, 'utf8');","        // bug-workaround - long $npm_package_buildCustomOrg","        /* jslint-ignore-begin */","        local.assetsDict['/assets.npmtest_sw_offline_google_analytics.rollup.js'] =","            local.assetsDict['/assets.npmtest_sw_offline_google_analytics.rollup.js'] ||","            local.fs.readFileSync(","                local.npmtest_sw_offline_google_analytics.__dirname + '/lib.npmtest_sw_offline_google_analytics.js',","                'utf8'","            ).replace((/^#!/), '//');","        /* jslint-ignore-end */","        local.assetsDict['/favicon.ico'] = local.assetsDict['/favicon.ico'] || '';","        // if $npm_config_timeout_exit exists,","        // then exit this process after $npm_config_timeout_exit ms","        if (Number(process.env.npm_config_timeout_exit)) {","            setTimeout(process.exit, Number(process.env.npm_config_timeout_exit));","        }","        // start server","        if (local.global.utility2_serverHttp1) {","            break;","        }","        process.env.PORT = process.env.PORT || '8081';","        console.error('server starting on port ' + process.env.PORT);","        local.http.createServer(function (request, response) {","            request.urlParsed = local.url.parse(request.url);","            if (local.assetsDict[request.urlParsed.pathname] !== undefined) {","                response.end(local.assetsDict[request.urlParsed.pathname]);","                return;","            }","            response.statusCode = 404;","            response.end();","        }).listen(process.env.PORT);","        break;","    }","}());",""],"l":{"26":2,"28":2,"33":2,"35":2,"37":2,"38":2,"39":2,"44":1,"51":2,"55":2,"59":2,"61":2,"69":1,"70":2,"76":2,"79":2,"82":2,"83":2,"85":1,"89":2,"92":1,"93":1,"94":1,"96":1,"97":1,"100":1,"101":1,"103":1,"106":1,"108":2,"114":1,"116":1,"118":1,"123":1,"124":2,"125":2,"126":3,"127":3,"128":3,"129":3,"130":1,"133":3,"134":3,"139":3,"143":1,"144":3,"145":1,"149":1,"150":1,"158":1,"160":1,"161":1,"162":1,"164":1,"166":1,"258":1,"259":1,"271":1,"274":6,"275":6,"277":1,"279":2,"281":1,"283":2,"288":1,"289":1,"291":1,"296":1,"303":1,"306":1,"307":1,"310":1,"311":1,"313":1,"314":1,"315":1,"316":1,"317":1,"318":1,"319":1,"321":1,"322":1,"324":1}},"/home/travis/build/npmtest/node-npmtest-sw-offline-google-analytics/node_modules/sw-offline-google-analytics/build/offline-google-analytics-import.min.js":{"path":"/home/travis/build/npmtest/node-npmtest-sw-offline-google-analytics/node_modules/sw-offline-google-analytics/build/offline-google-analytics-import.min.js","s":{"1":2,"2":2,"3":2,"4":2,"5":2,"6":1,"7":0,"8":1,"9":0,"10":0,"11":0,"12":0,"13":1,"14":0,"15":0,"16":0,"17":1,"18":0,"19":0,"20":0,"21":1,"22":2,"23":8,"24":0,"25":0,"26":1,"27":0,"28":0,"29":0,"30":1,"31":0,"32":0,"33":0,"34":1,"35":0,"36":0,"37":0,"38":1,"39":0,"40":1,"41":0,"42":1,"43":0,"44":1,"45":0,"46":0,"47":0,"48":0,"49":0,"50":1,"51":0,"52":1,"53":0,"54":2,"55":0,"56":0,"57":0,"58":0,"59":0,"60":0,"61":0,"62":0,"63":0,"64":0,"65":0,"66":0,"67":0,"68":0,"69":0,"70":0,"71":0,"72":0,"73":0,"74":0,"75":0,"76":0,"77":0,"78":0,"79":0,"80":0,"81":0,"82":0,"83":0,"84":0,"85":0,"86":0,"87":0,"88":0,"89":0,"90":0,"91":0,"92":0,"93":0,"94":0,"95":0,"96":0,"97":0,"98":0,"99":0,"100":0,"101":0,"102":0,"103":0,"104":0,"105":0,"106":0,"107":0,"108":0,"109":0,"110":0,"111":0,"112":0,"113":0,"114":0,"115":0,"116":0,"117":0,"118":0,"119":0,"120":0,"121":0,"122":0,"123":0,"124":0,"125":0,"126":0,"127":0,"128":0,"129":0,"130":0,"131":0,"132":0,"133":0,"134":0,"135":0,"136":0,"137":0,"138":0,"139":0,"140":0,"141":0,"142":0,"143":0,"144":0,"145":0,"146":0,"147":0,"148":0,"149":0,"150":0,"151":0,"152":0,"153":0,"154":0,"155":0,"156":0,"157":0,"158":0,"159":0,"160":0,"161":0,"162":0,"163":0,"164":0,"165":0,"166":0,"167":0,"168":0,"169":0,"170":0,"171":0,"172":0,"173":0,"174":0,"175":0,"176":0,"177":0,"178":0,"179":0,"180":0,"181":0,"182":0,"183":0,"184":0,"185":0,"186":0,"187":0,"188":0,"189":0,"190":0,"191":0,"192":0,"193":0,"194":0,"195":0,"196":0,"197":0},"b":{"1":[2,0],"2":[2,2],"3":[0,0],"4":[0,0],"5":[0,0],"6":[0,0],"7":[0,0],"8":[0,0],"9":[0,0],"10":[0,0],"11":[0,0],"12":[0,0],"13":[0,0],"14":[0,0],"15":[0,0],"16":[0,0],"17":[0,0],"18":[0,0],"19":[0,0,0],"20":[0,0],"21":[0,0],"22":[0,0],"23":[0,0],"24":[0,0],"25":[0,0],"26":[0,0],"27":[0,0],"28":[0,0],"29":[0,0],"30":[0,0],"31":[0,0],"32":[0,0],"33":[0,0],"34":[0,0],"35":[0,0,0],"36":[0,0],"37":[0,0],"38":[0,0],"39":[0,0],"40":[0,0,0],"41":[0,0],"42":[0,0],"43":[0,0],"44":[0,0],"45":[0,0],"46":[0,0],"47":[0,0,0],"48":[0,0],"49":[0,0],"50":[0,0],"51":[0,0],"52":[0,0],"53":[0,0],"54":[0,0],"55":[0,0],"56":[0,0],"57":[0,0],"58":[0,0],"59":[0,0,0,0],"60":[0,0],"61":[0,0],"62":[0,0],"63":[0,0],"64":[0,0],"65":[0,0],"66":[0,0],"67":[0,0],"68":[0,0],"69":[0,0],"70":[0,0],"71":[0,0]},"f":{"1":2,"2":2,"3":2,"4":2,"5":2,"6":0,"7":0,"8":0,"9":0,"10":0,"11":0,"12":0,"13":0,"14":0,"15":2,"16":8,"17":0,"18":0,"19":0,"20":0,"21":0,"22":0,"23":0,"24":0,"25":0,"26":0,"27":0,"28":0,"29":0,"30":0,"31":0,"32":0,"33":0,"34":0,"35":0,"36":0,"37":0,"38":0,"39":0,"40":0,"41":0,"42":0,"43":0,"44":0,"45":0,"46":0,"47":0,"48":0,"49":0,"50":0,"51":0,"52":0,"53":0,"54":0,"55":0,"56":0,"57":0,"58":0,"59":0,"60":0,"61":0,"62":0,"63":0,"64":0,"65":0,"66":0,"67":0,"68":0,"69":0,"70":0,"71":0,"72":0,"73":0,"74":0,"75":0,"76":0,"77":0,"78":0,"79":0,"80":0,"81":0,"82":0,"83":0,"84":0},"fnMap":{"1":{"name":"(anonymous_1)","line":15,"loc":{"start":{"line":15,"column":1},"end":{"line":15,"column":14}}},"2":{"name":"(anonymous_2)","line":15,"loc":{"start":{"line":15,"column":196},"end":{"line":15,"column":206}}},"3":{"name":"createCommonjsModule","line":15,"loc":{"start":{"line":15,"column":483},"end":{"line":15,"column":517}}},"4":{"name":"(anonymous_4)","line":15,"loc":{"start":{"line":15,"column":566},"end":{"line":15,"column":577}}},"5":{"name":"(anonymous_5)","line":15,"loc":{"start":{"line":15,"column":592},"end":{"line":15,"column":602}}},"6":{"name":"toArray","line":15,"loc":{"start":{"line":15,"column":603},"end":{"line":15,"column":622}}},"7":{"name":"promisifyRequest","line":15,"loc":{"start":{"line":15,"column":660},"end":{"line":15,"column":688}}},"8":{"name":"(anonymous_8)","line":15,"loc":{"start":{"line":15,"column":708},"end":{"line":15,"column":721}}},"9":{"name":"(anonymous_9)","line":15,"loc":{"start":{"line":15,"column":734},"end":{"line":15,"column":744}}},"10":{"name":"(anonymous_10)","line":15,"loc":{"start":{"line":15,"column":768},"end":{"line":15,"column":778}}},"11":{"name":"promisifyRequestCall","line":15,"loc":{"start":{"line":15,"column":793},"end":{"line":15,"column":829}}},"12":{"name":"(anonymous_12)","line":15,"loc":{"start":{"line":15,"column":850},"end":{"line":15,"column":863}}},"13":{"name":"promisifyCursorRequestCall","line":15,"loc":{"start":{"line":15,"column":935},"end":{"line":15,"column":977}}},"14":{"name":"(anonymous_14)","line":15,"loc":{"start":{"line":15,"column":1026},"end":{"line":15,"column":1037}}},"15":{"name":"proxyProperties","line":15,"loc":{"start":{"line":15,"column":1080},"end":{"line":15,"column":1111}}},"16":{"name":"(anonymous_16)","line":15,"loc":{"start":{"line":15,"column":1122},"end":{"line":15,"column":1133}}},"17":{"name":"(anonymous_17)","line":15,"loc":{"start":{"line":15,"column":1175},"end":{"line":15,"column":1185}}},"18":{"name":"(anonymous_18)","line":15,"loc":{"start":{"line":15,"column":1209},"end":{"line":15,"column":1220}}},"19":{"name":"proxyRequestMethods","line":15,"loc":{"start":{"line":15,"column":1239},"end":{"line":15,"column":1276}}},"20":{"name":"(anonymous_20)","line":15,"loc":{"start":{"line":15,"column":1287},"end":{"line":15,"column":1298}}},"21":{"name":"(anonymous_21)","line":15,"loc":{"start":{"line":15,"column":1333},"end":{"line":15,"column":1343}}},"22":{"name":"proxyMethods","line":15,"loc":{"start":{"line":15,"column":1397},"end":{"line":15,"column":1427}}},"23":{"name":"(anonymous_23)","line":15,"loc":{"start":{"line":15,"column":1438},"end":{"line":15,"column":1449}}},"24":{"name":"(anonymous_24)","line":15,"loc":{"start":{"line":15,"column":1484},"end":{"line":15,"column":1494}}},"25":{"name":"proxyCursorRequestMethods","line":15,"loc":{"start":{"line":15,"column":1542},"end":{"line":15,"column":1585}}},"26":{"name":"(anonymous_26)","line":15,"loc":{"start":{"line":15,"column":1596},"end":{"line":15,"column":1607}}},"27":{"name":"(anonymous_27)","line":15,"loc":{"start":{"line":15,"column":1642},"end":{"line":15,"column":1652}}},"28":{"name":"Index","line":15,"loc":{"start":{"line":15,"column":1712},"end":{"line":15,"column":1729}}},"29":{"name":"Cursor","line":15,"loc":{"start":{"line":15,"column":1744},"end":{"line":15,"column":1764}}},"30":{"name":"ObjectStore","line":15,"loc":{"start":{"line":15,"column":1796},"end":{"line":15,"column":1819}}},"31":{"name":"Transaction","line":15,"loc":{"start":{"line":15,"column":1834},"end":{"line":15,"column":1857}}},"32":{"name":"(anonymous_32)","line":15,"loc":{"start":{"line":15,"column":1895},"end":{"line":15,"column":1908}}},"33":{"name":"(anonymous_33)","line":15,"loc":{"start":{"line":15,"column":1922},"end":{"line":15,"column":1932}}},"34":{"name":"(anonymous_34)","line":15,"loc":{"start":{"line":15,"column":1948},"end":{"line":15,"column":1958}}},"35":{"name":"(anonymous_35)","line":15,"loc":{"start":{"line":15,"column":1981},"end":{"line":15,"column":1991}}},"36":{"name":"UpgradeDB","line":15,"loc":{"start":{"line":15,"column":2006},"end":{"line":15,"column":2031}}},"37":{"name":"DB","line":15,"loc":{"start":{"line":15,"column":2097},"end":{"line":15,"column":2111}}},"38":{"name":"(anonymous_38)","line":15,"loc":{"start":{"line":15,"column":2565},"end":{"line":15,"column":2576}}},"39":{"name":"(anonymous_39)","line":15,"loc":{"start":{"line":15,"column":2624},"end":{"line":15,"column":2634}}},"40":{"name":"(anonymous_40)","line":15,"loc":{"start":{"line":15,"column":2688},"end":{"line":15,"column":2698}}},"41":{"name":"(anonymous_41)","line":15,"loc":{"start":{"line":15,"column":2772},"end":{"line":15,"column":2783}}},"42":{"name":"(anonymous_42)","line":15,"loc":{"start":{"line":15,"column":2867},"end":{"line":15,"column":2877}}},"43":{"name":"(anonymous_43)","line":15,"loc":{"start":{"line":15,"column":2978},"end":{"line":15,"column":2988}}},"44":{"name":"(anonymous_44)","line":15,"loc":{"start":{"line":15,"column":3468},"end":{"line":15,"column":3478}}},"45":{"name":"(anonymous_45)","line":15,"loc":{"start":{"line":15,"column":3709},"end":{"line":15,"column":3719}}},"46":{"name":"(anonymous_46)","line":15,"loc":{"start":{"line":15,"column":3966},"end":{"line":15,"column":3976}}},"47":{"name":"(anonymous_47)","line":15,"loc":{"start":{"line":15,"column":4197},"end":{"line":15,"column":4208}}},"48":{"name":"(anonymous_48)","line":15,"loc":{"start":{"line":15,"column":4237},"end":{"line":15,"column":4248}}},"49":{"name":"(anonymous_49)","line":15,"loc":{"start":{"line":15,"column":4290},"end":{"line":15,"column":4300}}},"50":{"name":"(anonymous_50)","line":15,"loc":{"start":{"line":15,"column":4411},"end":{"line":15,"column":4421}}},"51":{"name":"(anonymous_51)","line":15,"loc":{"start":{"line":15,"column":4468},"end":{"line":15,"column":4479}}},"52":{"name":"(anonymous_52)","line":15,"loc":{"start":{"line":15,"column":4520},"end":{"line":15,"column":4533}}},"53":{"name":"(anonymous_53)","line":15,"loc":{"start":{"line":15,"column":4569},"end":{"line":15,"column":4580}}},"54":{"name":"(anonymous_54)","line":15,"loc":{"start":{"line":15,"column":4599},"end":{"line":15,"column":4610}}},"55":{"name":"(anonymous_55)","line":15,"loc":{"start":{"line":15,"column":4724},"end":{"line":15,"column":4739}}},"56":{"name":"(anonymous_56)","line":15,"loc":{"start":{"line":15,"column":4828},"end":{"line":15,"column":4839}}},"57":{"name":"(anonymous_57)","line":15,"loc":{"start":{"line":15,"column":4905},"end":{"line":15,"column":4916}}},"58":{"name":"(anonymous_58)","line":15,"loc":{"start":{"line":15,"column":4944},"end":{"line":15,"column":4955}}},"59":{"name":"(anonymous_59)","line":15,"loc":{"start":{"line":15,"column":5051},"end":{"line":15,"column":5058}}},"60":{"name":"(anonymous_60)","line":15,"loc":{"start":{"line":15,"column":5222},"end":{"line":15,"column":5224}}},"61":{"name":"(anonymous_61)","line":15,"loc":{"start":{"line":15,"column":5402},"end":{"line":15,"column":5404}}},"62":{"name":"(anonymous_62)","line":15,"loc":{"start":{"line":15,"column":5498},"end":{"line":15,"column":5503}}},"63":{"name":"(anonymous_63)","line":15,"loc":{"start":{"line":15,"column":5657},"end":{"line":15,"column":5660}}},"64":{"name":"(anonymous_64)","line":15,"loc":{"start":{"line":15,"column":5812},"end":{"line":15,"column":5815}}},"65":{"name":"(anonymous_65)","line":15,"loc":{"start":{"line":15,"column":5936},"end":{"line":15,"column":5938}}},"66":{"name":"(anonymous_66)","line":15,"loc":{"start":{"line":15,"column":6059},"end":{"line":15,"column":6061}}},"67":{"name":"(anonymous_67)","line":15,"loc":{"start":{"line":15,"column":6387},"end":{"line":15,"column":6413}}},"68":{"name":"(anonymous_68)","line":15,"loc":{"start":{"line":15,"column":6665},"end":{"line":15,"column":6668}}},"69":{"name":"(anonymous_69)","line":15,"loc":{"start":{"line":15,"column":6701},"end":{"line":15,"column":6704}}},"70":{"name":"(anonymous_70)","line":15,"loc":{"start":{"line":15,"column":6756},"end":{"line":15,"column":6758}}},"71":{"name":"(anonymous_71)","line":15,"loc":{"start":{"line":15,"column":6962},"end":{"line":15,"column":6964}}},"72":{"name":"(anonymous_72)","line":15,"loc":{"start":{"line":15,"column":7211},"end":{"line":15,"column":7214}}},"73":{"name":"(anonymous_73)","line":15,"loc":{"start":{"line":15,"column":7372},"end":{"line":15,"column":7374}}},"74":{"name":"(anonymous_74)","line":15,"loc":{"start":{"line":15,"column":7623},"end":{"line":15,"column":7625}}},"75":{"name":"(anonymous_75)","line":15,"loc":{"start":{"line":15,"column":7916},"end":{"line":15,"column":7918}}},"76":{"name":"(anonymous_76)","line":15,"loc":{"start":{"line":15,"column":8027},"end":{"line":15,"column":8030}}},"77":{"name":"(anonymous_77)","line":15,"loc":{"start":{"line":15,"column":8086},"end":{"line":15,"column":8089}}},"78":{"name":"(anonymous_78)","line":15,"loc":{"start":{"line":15,"column":8142},"end":{"line":15,"column":8145}}},"79":{"name":"(anonymous_79)","line":15,"loc":{"start":{"line":15,"column":8198},"end":{"line":15,"column":8201}}},"80":{"name":"(anonymous_80)","line":15,"loc":{"start":{"line":15,"column":8263},"end":{"line":15,"column":8268}}},"81":{"name":"(anonymous_81)","line":15,"loc":{"start":{"line":15,"column":8363},"end":{"line":15,"column":8368}}},"82":{"name":"(anonymous_82)","line":15,"loc":{"start":{"line":15,"column":8987},"end":{"line":15,"column":8992}}},"83":{"name":"(anonymous_83)","line":15,"loc":{"start":{"line":15,"column":9075},"end":{"line":15,"column":9080}}},"84":{"name":"(anonymous_84)","line":15,"loc":{"start":{"line":15,"column":9498},"end":{"line":15,"column":9503}}}},"statementMap":{"1":{"start":{"line":15,"column":0},"end":{"line":15,"column":10735}},"2":{"start":{"line":15,"column":15},"end":{"line":15,"column":188}},"3":{"start":{"line":15,"column":220},"end":{"line":15,"column":5024}},"4":{"start":{"line":15,"column":518},"end":{"line":15,"column":564}},"5":{"start":{"line":15,"column":591},"end":{"line":15,"column":5021}},"6":{"start":{"line":15,"column":603},"end":{"line":15,"column":660}},"7":{"start":{"line":15,"column":623},"end":{"line":15,"column":659}},"8":{"start":{"line":15,"column":660},"end":{"line":15,"column":793}},"9":{"start":{"line":15,"column":689},"end":{"line":15,"column":792}},"10":{"start":{"line":15,"column":722},"end":{"line":15,"column":790}},"11":{"start":{"line":15,"column":745},"end":{"line":15,"column":756}},"12":{"start":{"line":15,"column":779},"end":{"line":15,"column":789}},"13":{"start":{"line":15,"column":793},"end":{"line":15,"column":935}},"14":{"start":{"line":15,"column":830},"end":{"line":15,"column":914}},"15":{"start":{"line":15,"column":864},"end":{"line":15,"column":911}},"16":{"start":{"line":15,"column":914},"end":{"line":15,"column":934}},"17":{"start":{"line":15,"column":935},"end":{"line":15,"column":1080}},"18":{"start":{"line":15,"column":978},"end":{"line":15,"column":1012}},"19":{"start":{"line":15,"column":1012},"end":{"line":15,"column":1079}},"20":{"start":{"line":15,"column":1038},"end":{"line":15,"column":1077}},"21":{"start":{"line":15,"column":1080},"end":{"line":15,"column":1239}},"22":{"start":{"line":15,"column":1112},"end":{"line":15,"column":1238}},"23":{"start":{"line":15,"column":1134},"end":{"line":15,"column":1236}},"24":{"start":{"line":15,"column":1186},"end":{"line":15,"column":1203}},"25":{"start":{"line":15,"column":1221},"end":{"line":15,"column":1233}},"26":{"start":{"line":15,"column":1239},"end":{"line":15,"column":1397}},"27":{"start":{"line":15,"column":1277},"end":{"line":15,"column":1396}},"28":{"start":{"line":15,"column":1299},"end":{"line":15,"column":1394}},"29":{"start":{"line":15,"column":1344},"end":{"line":15,"column":1392}},"30":{"start":{"line":15,"column":1397},"end":{"line":15,"column":1542}},"31":{"start":{"line":15,"column":1428},"end":{"line":15,"column":1541}},"32":{"start":{"line":15,"column":1450},"end":{"line":15,"column":1539}},"33":{"start":{"line":15,"column":1495},"end":{"line":15,"column":1537}},"34":{"start":{"line":15,"column":1542},"end":{"line":15,"column":1712}},"35":{"start":{"line":15,"column":1586},"end":{"line":15,"column":1711}},"36":{"start":{"line":15,"column":1608},"end":{"line":15,"column":1709}},"37":{"start":{"line":15,"column":1653},"end":{"line":15,"column":1707}},"38":{"start":{"line":15,"column":1712},"end":{"line":15,"column":1744}},"39":{"start":{"line":15,"column":1730},"end":{"line":15,"column":1743}},"40":{"start":{"line":15,"column":1744},"end":{"line":15,"column":1796}},"41":{"start":{"line":15,"column":1765},"end":{"line":15,"column":1795}},"42":{"start":{"line":15,"column":1796},"end":{"line":15,"column":1834}},"43":{"start":{"line":15,"column":1820},"end":{"line":15,"column":1833}},"44":{"start":{"line":15,"column":1834},"end":{"line":15,"column":2006}},"45":{"start":{"line":15,"column":1858},"end":{"line":15,"column":2005}},"46":{"start":{"line":15,"column":1909},"end":{"line":15,"column":2003}},"47":{"start":{"line":15,"column":1933},"end":{"line":15,"column":1936}},"48":{"start":{"line":15,"column":1959},"end":{"line":15,"column":1969}},"49":{"start":{"line":15,"column":1992},"end":{"line":15,"column":2002}},"50":{"start":{"line":15,"column":2006},"end":{"line":15,"column":2097}},"51":{"start":{"line":15,"column":2032},"end":{"line":15,"column":2096}},"52":{"start":{"line":15,"column":2097},"end":{"line":15,"column":2123}},"53":{"start":{"line":15,"column":2112},"end":{"line":15,"column":2122}},"54":{"start":{"line":15,"column":2123},"end":{"line":15,"column":4708}},"55":{"start":{"line":15,"column":2577},"end":{"line":15,"column":2830}},"56":{"start":{"line":15,"column":2635},"end":{"line":15,"column":2658}},"57":{"start":{"line":15,"column":2658},"end":{"line":15,"column":2828}},"58":{"start":{"line":15,"column":2699},"end":{"line":15,"column":2826}},"59":{"start":{"line":15,"column":2784},"end":{"line":15,"column":2824}},"60":{"start":{"line":15,"column":2878},"end":{"line":15,"column":2948}},"61":{"start":{"line":15,"column":2989},"end":{"line":15,"column":3053}},"62":{"start":{"line":15,"column":3479},"end":{"line":15,"column":3549}},"63":{"start":{"line":15,"column":3720},"end":{"line":15,"column":3796}},"64":{"start":{"line":15,"column":3977},"end":{"line":15,"column":4047}},"65":{"start":{"line":15,"column":4209},"end":{"line":15,"column":4437}},"66":{"start":{"line":15,"column":4249},"end":{"line":15,"column":4435}},"67":{"start":{"line":15,"column":4301},"end":{"line":15,"column":4399}},"68":{"start":{"line":15,"column":4399},"end":{"line":15,"column":4434}},"69":{"start":{"line":15,"column":4422},"end":{"line":15,"column":4433}},"70":{"start":{"line":15,"column":4480},"end":{"line":15,"column":4705}},"71":{"start":{"line":15,"column":4534},"end":{"line":15,"column":4550}},"72":{"start":{"line":15,"column":4550},"end":{"line":15,"column":4703}},"73":{"start":{"line":15,"column":4581},"end":{"line":15,"column":4701}},"74":{"start":{"line":15,"column":4611},"end":{"line":15,"column":4699}},"75":{"start":{"line":15,"column":4708},"end":{"line":15,"column":5017}},"76":{"start":{"line":15,"column":4740},"end":{"line":15,"column":4803}},"77":{"start":{"line":15,"column":4803},"end":{"line":15,"column":4935}},"78":{"start":{"line":15,"column":4840},"end":{"line":15,"column":4896}},"79":{"start":{"line":15,"column":4917},"end":{"line":15,"column":4933}},"80":{"start":{"line":15,"column":4956},"end":{"line":15,"column":5015}},"81":{"start":{"line":15,"column":5059},"end":{"line":15,"column":5169}},"82":{"start":{"line":15,"column":5094},"end":{"line":15,"column":5169}},"83":{"start":{"line":15,"column":5169},"end":{"line":15,"column":5215}},"84":{"start":{"line":15,"column":5225},"end":{"line":15,"column":5396}},"85":{"start":{"line":15,"column":5319},"end":{"line":15,"column":5355}},"86":{"start":{"line":15,"column":5369},"end":{"line":15,"column":5377}},"87":{"start":{"line":15,"column":5405},"end":{"line":15,"column":5494}},"88":{"start":{"line":15,"column":5455},"end":{"line":15,"column":5485}},"89":{"start":{"line":15,"column":5504},"end":{"line":15,"column":5650}},"90":{"start":{"line":15,"column":5536},"end":{"line":15,"column":5620}},"91":{"start":{"line":15,"column":5620},"end":{"line":15,"column":5648}},"92":{"start":{"line":15,"column":5661},"end":{"line":15,"column":5808}},"93":{"start":{"line":15,"column":5693},"end":{"line":15,"column":5777}},"94":{"start":{"line":15,"column":5777},"end":{"line":15,"column":5806}},"95":{"start":{"line":15,"column":5816},"end":{"line":15,"column":5923}},"96":{"start":{"line":15,"column":5848},"end":{"line":15,"column":5921}},"97":{"start":{"line":15,"column":5939},"end":{"line":15,"column":6048}},"98":{"start":{"line":15,"column":5971},"end":{"line":15,"column":6046}},"99":{"start":{"line":15,"column":6062},"end":{"line":15,"column":6175}},"100":{"start":{"line":15,"column":6094},"end":{"line":15,"column":6173}},"101":{"start":{"line":15,"column":6177},"end":{"line":15,"column":6237}},"102":{"start":{"line":15,"column":6237},"end":{"line":15,"column":6361}},"103":{"start":{"line":15,"column":6251},"end":{"line":15,"column":6274}},"104":{"start":{"line":15,"column":6274},"end":{"line":15,"column":6359}},"105":{"start":{"line":15,"column":6301},"end":{"line":15,"column":6357}},"106":{"start":{"line":15,"column":6414},"end":{"line":15,"column":6658}},"107":{"start":{"line":15,"column":6669},"end":{"line":15,"column":6687}},"108":{"start":{"line":15,"column":6705},"end":{"line":15,"column":6750}},"109":{"start":{"line":15,"column":6759},"end":{"line":15,"column":6943}},"110":{"start":{"line":15,"column":6853},"end":{"line":15,"column":6877}},"111":{"start":{"line":15,"column":6912},"end":{"line":15,"column":6921}},"112":{"start":{"line":15,"column":6965},"end":{"line":15,"column":7194}},"113":{"start":{"line":15,"column":6990},"end":{"line":15,"column":7006}},"114":{"start":{"line":15,"column":7006},"end":{"line":15,"column":7050}},"115":{"start":{"line":15,"column":7050},"end":{"line":15,"column":7062}},"116":{"start":{"line":15,"column":7062},"end":{"line":15,"column":7110}},"117":{"start":{"line":15,"column":7110},"end":{"line":15,"column":7141}},"118":{"start":{"line":15,"column":7141},"end":{"line":15,"column":7148}},"119":{"start":{"line":15,"column":7183},"end":{"line":15,"column":7192}},"120":{"start":{"line":15,"column":7215},"end":{"line":15,"column":7255}},"121":{"start":{"line":15,"column":7255},"end":{"line":15,"column":7277}},"122":{"start":{"line":15,"column":7277},"end":{"line":15,"column":7361}},"123":{"start":{"line":15,"column":7375},"end":{"line":15,"column":7611}},"124":{"start":{"line":15,"column":7395},"end":{"line":15,"column":7434}},"125":{"start":{"line":15,"column":7427},"end":{"line":15,"column":7434}},"126":{"start":{"line":15,"column":7434},"end":{"line":15,"column":7461}},"127":{"start":{"line":15,"column":7461},"end":{"line":15,"column":7517}},"128":{"start":{"line":15,"column":7480},"end":{"line":15,"column":7517}},"129":{"start":{"line":15,"column":7517},"end":{"line":15,"column":7565}},"130":{"start":{"line":15,"column":7571},"end":{"line":15,"column":7611}},"131":{"start":{"line":15,"column":7626},"end":{"line":15,"column":7691}},"132":{"start":{"line":15,"column":7693},"end":{"line":15,"column":7801}},"133":{"start":{"line":15,"column":7801},"end":{"line":15,"column":7879}},"134":{"start":{"line":15,"column":7879},"end":{"line":15,"column":9673}},"135":{"start":{"line":15,"column":7919},"end":{"line":15,"column":8023}},"136":{"start":{"line":15,"column":8031},"end":{"line":15,"column":8080}},"137":{"start":{"line":15,"column":8090},"end":{"line":15,"column":8137}},"138":{"start":{"line":15,"column":8146},"end":{"line":15,"column":8192}},"139":{"start":{"line":15,"column":8202},"end":{"line":15,"column":8249}},"140":{"start":{"line":15,"column":8269},"end":{"line":15,"column":8346}},"141":{"start":{"line":15,"column":8301},"end":{"line":15,"column":8336}},"142":{"start":{"line":15,"column":8336},"end":{"line":15,"column":8345}},"143":{"start":{"line":15,"column":8369},"end":{"line":15,"column":8468}},"144":{"start":{"line":15,"column":8468},"end":{"line":15,"column":8552}},"145":{"start":{"line":15,"column":8492},"end":{"line":15,"column":8540}},"146":{"start":{"line":15,"column":8540},"end":{"line":15,"column":8551}},"147":{"start":{"line":15,"column":8552},"end":{"line":15,"column":8603}},"148":{"start":{"line":15,"column":8603},"end":{"line":15,"column":8737}},"149":{"start":{"line":15,"column":8659},"end":{"line":15,"column":8691}},"150":{"start":{"line":15,"column":8691},"end":{"line":15,"column":8736}},"151":{"start":{"line":15,"column":8737},"end":{"line":15,"column":8967}},"152":{"start":{"line":15,"column":8896},"end":{"line":15,"column":8943}},"153":{"start":{"line":15,"column":8993},"end":{"line":15,"column":9049}},"154":{"start":{"line":15,"column":9081},"end":{"line":15,"column":9089}},"155":{"start":{"line":15,"column":9089},"end":{"line":15,"column":9279}},"156":{"start":{"line":15,"column":9279},"end":{"line":15,"column":9301}},"157":{"start":{"line":15,"column":9301},"end":{"line":15,"column":9339}},"158":{"start":{"line":15,"column":9339},"end":{"line":15,"column":9345}},"159":{"start":{"line":15,"column":9345},"end":{"line":15,"column":9480}},"160":{"start":{"line":15,"column":9504},"end":{"line":15,"column":9519}},"161":{"start":{"line":15,"column":9510},"end":{"line":15,"column":9519}},"162":{"start":{"line":15,"column":9519},"end":{"line":15,"column":9547}},"163":{"start":{"line":15,"column":9547},"end":{"line":15,"column":9670}},"164":{"start":{"line":15,"column":9673},"end":{"line":15,"column":9733}},"165":{"start":{"line":15,"column":9733},"end":{"line":15,"column":10170}},"166":{"start":{"line":15,"column":9745},"end":{"line":15,"column":10168}},"167":{"start":{"line":15,"column":9786},"end":{"line":15,"column":10166}},"168":{"start":{"line":15,"column":9817},"end":{"line":15,"column":10163}},"169":{"start":{"line":15,"column":9844},"end":{"line":15,"column":9878}},"170":{"start":{"line":15,"column":9878},"end":{"line":15,"column":10139}},"171":{"start":{"line":15,"column":9929},"end":{"line":15,"column":9960}},"172":{"start":{"line":15,"column":9960},"end":{"line":15,"column":10032}},"173":{"start":{"line":15,"column":10003},"end":{"line":15,"column":10029}},"174":{"start":{"line":15,"column":10032},"end":{"line":15,"column":10050}},"175":{"start":{"line":15,"column":10050},"end":{"line":15,"column":10112}},"176":{"start":{"line":15,"column":10074},"end":{"line":15,"column":10112}},"177":{"start":{"line":15,"column":10078},"end":{"line":15,"column":10095}},"178":{"start":{"line":15,"column":10105},"end":{"line":15,"column":10111}},"179":{"start":{"line":15,"column":10112},"end":{"line":15,"column":10138}},"180":{"start":{"line":15,"column":10151},"end":{"line":15,"column":10162}},"181":{"start":{"line":15,"column":10170},"end":{"line":15,"column":10732}},"182":{"start":{"line":15,"column":10194},"end":{"line":15,"column":10202}},"183":{"start":{"line":15,"column":10202},"end":{"line":15,"column":10211}},"184":{"start":{"line":15,"column":10211},"end":{"line":15,"column":10730}},"185":{"start":{"line":15,"column":10247},"end":{"line":15,"column":10290}},"186":{"start":{"line":15,"column":10290},"end":{"line":15,"column":10723}},"187":{"start":{"line":15,"column":10317},"end":{"line":15,"column":10723}},"188":{"start":{"line":15,"column":10353},"end":{"line":15,"column":10371}},"189":{"start":{"line":15,"column":10371},"end":{"line":15,"column":10516}},"190":{"start":{"line":15,"column":10405},"end":{"line":15,"column":10426}},"191":{"start":{"line":15,"column":10433},"end":{"line":15,"column":10513}},"192":{"start":{"line":15,"column":10496},"end":{"line":15,"column":10512}},"193":{"start":{"line":15,"column":10522},"end":{"line":15,"column":10723}},"194":{"start":{"line":15,"column":10611},"end":{"line":15,"column":10720}},"195":{"start":{"line":15,"column":10638},"end":{"line":15,"column":10675}},"196":{"start":{"line":15,"column":10673},"end":{"line":15,"column":10674}},"197":{"start":{"line":15,"column":10690},"end":{"line":15,"column":10718}}},"branchMap":{"1":{"line":15,"type":"cond-expr","locations":[{"start":{"line":15,"column":68},"end":{"line":15,"column":86}},{"start":{"line":15,"column":87},"end":{"line":15,"column":188}}]},"2":{"line":15,"type":"binary-expr","locations":[{"start":{"line":15,"column":15},"end":{"line":15,"column":39}},{"start":{"line":15,"column":41},"end":{"line":15,"column":67}}]},"3":{"line":15,"type":"cond-expr","locations":[{"start":{"line":15,"column":125},"end":{"line":15,"column":134}},{"start":{"line":15,"column":136},"end":{"line":15,"column":187}}]},"4":{"line":15,"type":"binary-expr","locations":[{"start":{"line":15,"column":87},"end":{"line":15,"column":112}},{"start":{"line":15,"column":114},"end":{"line":15,"column":124}}]},"5":{"line":15,"type":"binary-expr","locations":[{"start":{"line":15,"column":143},"end":{"line":15,"column":149}},{"start":{"line":15,"column":151},"end":{"line":15,"column":153}}]},"6":{"line":15,"type":"cond-expr","locations":[{"start":{"line":15,"column":1047},"end":{"line":15,"column":1070}},{"start":{"line":15,"column":1071},"end":{"line":15,"column":1077}}]},"7":{"line":15,"type":"binary-expr","locations":[{"start":{"line":15,"column":1299},"end":{"line":15,"column":1315}},{"start":{"line":15,"column":1318},"end":{"line":15,"column":1393}}]},"8":{"line":15,"type":"binary-expr","locations":[{"start":{"line":15,"column":1450},"end":{"line":15,"column":1466}},{"start":{"line":15,"column":1469},"end":{"line":15,"column":1538}}]},"9":{"line":15,"type":"binary-expr","locations":[{"start":{"line":15,"column":1608},"end":{"line":15,"column":1624}},{"start":{"line":15,"column":1627},"end":{"line":15,"column":1708}}]},"10":{"line":15,"type":"binary-expr","locations":[{"start":{"line":15,"column":2577},"end":{"line":15,"column":2601}},{"start":{"line":15,"column":2604},"end":{"line":15,"column":2829}}]},"11":{"line":15,"type":"cond-expr","locations":[{"start":{"line":15,"column":2793},"end":{"line":15,"column":2817}},{"start":{"line":15,"column":2818},"end":{"line":15,"column":2824}}]},"12":{"line":15,"type":"binary-expr","locations":[{"start":{"line":15,"column":4344},"end":{"line":15,"column":4355}},{"start":{"line":15,"column":4357},"end":{"line":15,"column":4368}}]},"13":{"line":15,"type":"binary-expr","locations":[{"start":{"line":15,"column":4480
[...]
ne":15,"column":6657}}]},"28":{"line":15,"type":"binary-expr","locations":[{"start":{"line":15,"column":6705},"end":{"line":15,"column":6723}},{"start":{"line":15,"column":6725},"end":{"line":15,"column":6750}}]},"29":{"line":15,"type":"cond-expr","locations":[{"start":{"line":15,"column":6779},"end":{"line":15,"column":6804}},{"start":{"line":15,"column":6805},"end":{"line":15,"column":6943}}]},"30":{"line":15,"type":"binary-expr","locations":[{"start":{"line":15,"column":7006},"end":{"line":15,"column":7024}},{"start":{"line":15,"column":7027},"end":{"line":15,"column":7048}}]},"31":{"line":15,"type":"binary-expr","locations":[{"start":{"line":15,"column":7062},"end":{"line":15,"column":7069}},{"start":{"line":15,"column":7071},"end":{"line":15,"column":7086}}]},"32":{"line":15,"type":"binary-expr","locations":[{"start":{"line":15,"column":7087},"end":{"line":15,"column":7093}},{"start":{"line":15,"column":7095},"end":{"line":15,"column":7109}}]},"33":{"line":15,"type":"binary-expr","locations":[{"start":{"line":15,"column":7118},"end":{"line":15,"column":7127}},{"start":{"line":15,"column":7129},"end":{"line":15,"column":7140}}]},"34":{"line":15,"type":"cond-expr","locations":[{"start":{"line":15,"column":7233},"end":{"line":15,"column":7242}},{"start":{"line":15,"column":7243},"end":{"line":15,"column":7254}}]},"35":{"line":15,"type":"binary-expr","locations":[{"start":{"line":15,"column":7277},"end":{"line":15,"column":7285}},{"start":{"line":15,"column":7287},"end":{"line":15,"column":7300}},{"start":{"line":15,"column":7303},"end":{"line":15,"column":7323}}]},"36":{"line":15,"type":"binary-expr","locations":[{"start":{"line":15,"column":7325},"end":{"line":15,"column":7331}},{"start":{"line":15,"column":7334},"end":{"line":15,"column":7352}}]},"37":{"line":15,"type":"if","locations":[{"start":{"line":15,"column":7375},"end":{"line":15,"column":7375}},{"start":{"line":15,"column":7375},"end":{"line":15,"column":7375}}]},"38":{"line":15,"type":"if","locations":[{"start":{"line":15,"column":7395},"end":{"line":15,"column":7395}},{"start":{"line":15,"column":7395},"end":{"line":15,"column":7395}}]},"39":{"line":15,"type":"if","locations":[{"start":{"line":15,"column":7461},"end":{"line":15,"column":7461}},{"start":{"line":15,"column":7461},"end":{"line":15,"column":7461}}]},"40":{"line":15,"type":"binary-expr","locations":[{"start":{"line":15,"column":7626},"end":{"line":15,"column":7641}},{"start":{"line":15,"column":7643},"end":{"line":15,"column":7671}},{"start":{"line":15,"column":7673},"end":{"line":15,"column":7691}}]},"41":{"line":15,"type":"binary-expr","locations":[{"start":{"line":15,"column":7703},"end":{"line":15,"column":7712}},{"start":{"line":15,"column":7714},"end":{"line":15,"column":7716}}]},"42":{"line":15,"type":"binary-expr","locations":[{"start":{"line":15,"column":7737},"end":{"line":15,"column":7756}},{"start":{"line":15,"column":7758},"end":{"line":15,"column":7800}}]},"43":{"line":15,"type":"cond-expr","locations":[{"start":{"line":15,"column":7973},"end":{"line":15,"column":7998}},{"start":{"line":15,"column":7999},"end":{"line":15,"column":8023}}]},"44":{"line":15,"type":"if","locations":[{"start":{"line":15,"column":8269},"end":{"line":15,"column":8269}},{"start":{"line":15,"column":8269},"end":{"line":15,"column":8269}}]},"45":{"line":15,"type":"if","locations":[{"start":{"line":15,"column":8468},"end":{"line":15,"column":8468}},{"start":{"line":15,"column":8468},"end":{"line":15,"column":8468}}]},"46":{"line":15,"type":"if","locations":[{"start":{"line":15,"column":8603},"end":{"line":15,"column":8603}},{"start":{"line":15,"column":8603},"end":{"line":15,"column":8603}}]},"47":{"line":15,"type":"binary-expr","locations":[{"start":{"line":15,"column":8606},"end":{"line":15,"column":8612}},{"start":{"line":15,"column":8614},"end":{"line":15,"column":8632}},{"start":{"line":15,"column":8634},"end":{"line":15,"column":8657}}]},"48":{"line":15,"type":"binary-expr","locations":[{"start":{"line":15,"column":8744},"end":{"line":15,"column":8750}},{"start":{"line":15,"column":8753},"end":{"line":15,"column":8945}}]},"49":{"line":15,"type":"cond-expr","locations":[{"start":{"line":15,"column":8802},"end":{"line":15,"column":8861}},{"start":{"line":15,"column":8862},"end":{"line":15,"column":8945}}]},"50":{"line":15,"type":"binary-expr","locations":[{"start":{"line":15,"column":8753},"end":{"line":15,"column":8776}},{"start":{"line":15,"column":8778},"end":{"line":15,"column":8801}}]},"51":{"line":15,"type":"cond-expr","locations":[{"start":{"line":15,"column":9122},"end":{"line":15,"column":9134}},{"start":{"line":15,"column":9136},"end":{"line":15,"column":9278}}]},"52":{"line":15,"type":"cond-expr","locations":[{"start":{"line":15,"column":9167},"end":{"line":15,"column":9180}},{"start":{"line":15,"column":9182},"end":{"line":15,"column":9278}}]},"53":{"line":15,"type":"cond-expr","locations":[{"start":{"line":15,"column":9212},"end":{"line":15,"column":9224}},{"start":{"line":15,"column":9226},"end":{"line":15,"column":9278}}]},"54":{"line":15,"type":"cond-expr","locations":[{"start":{"line":15,"column":9257},"end":{"line":15,"column":9270}},{"start":{"line":15,"column":9272},"end":{"line":15,"column":9278}}]},"55":{"line":15,"type":"cond-expr","locations":[{"start":{"line":15,"column":9370},"end":{"line":15,"column":9373}},{"start":{"line":15,"column":9374},"end":{"line":15,"column":9398}}]},"56":{"line":15,"type":"binary-expr","locations":[{"start":{"line":15,"column":9374},"end":{"line":15,"column":9383}},{"start":{"line":15,"column":9386},"end":{"line":15,"column":9397}}]},"57":{"line":15,"type":"binary-expr","locations":[{"start":{"line":15,"column":9399},"end":{"line":15,"column":9400}},{"start":{"line":15,"column":9403},"end":{"line":15,"column":9458}}]},"58":{"line":15,"type":"if","locations":[{"start":{"line":15,"column":9504},"end":{"line":15,"column":9504}},{"start":{"line":15,"column":9504},"end":{"line":15,"column":9504}}]},"59":{"line":15,"type":"binary-expr","locations":[{"start":{"line":15,"column":9554},"end":{"line":15,"column":9558}},{"start":{"line":15,"column":9560},"end":{"line":15,"column":9569}},{"start":{"line":15,"column":9571},"end":{"line":15,"column":9606}},{"start":{"line":15,"column":9609},"end":{"line":15,"column":9629}}]},"60":{"line":15,"type":"cond-expr","locations":[{"start":{"line":15,"column":9665},"end":{"line":15,"column":9667}},{"start":{"line":15,"column":9668},"end":{"line":15,"column":9670}}]},"61":{"line":15,"type":"binary-expr","locations":[{"start":{"line":15,"column":9631},"end":{"line":15,"column":9659}},{"start":{"line":15,"column":9661},"end":{"line":15,"column":9664}}]},"62":{"line":15,"type":"binary-expr","locations":[{"start":{"line":15,"column":9754},"end":{"line":15,"column":9755}},{"start":{"line":15,"column":9757},"end":{"line":15,"column":9759}}]},"63":{"line":15,"type":"if","locations":[{"start":{"line":15,"column":9878},"end":{"line":15,"column":9878}},{"start":{"line":15,"column":9878},"end":{"line":15,"column":9878}}]},"64":{"line":15,"type":"binary-expr","locations":[{"start":{"line":15,"column":9881},"end":{"line":15,"column":9907}},{"start":{"line":15,"column":9909},"end":{"line":15,"column":9927}}]},"65":{"line":15,"type":"binary-expr","locations":[{"start":{"line":15,"column":9935},"end":{"line":15,"column":9955}},{"start":{"line":15,"column":9957},"end":{"line":15,"column":9959}}]},"66":{"line":15,"type":"if","locations":[{"start":{"line":15,"column":10050},"end":{"line":15,"column":10050}},{"start":{"line":15,"column":10050},"end":{"line":15,"column":10050}}]},"67":{"line":15,"type":"binary-expr","locations":[{"start":{"line":15,"column":10196},"end":{"line":15,"column":10197}},{"start":{"line":15,"column":10199},"end":{"line":15,"column":10201}}]},"68":{"line":15,"type":"if","locations":[{"start":{"line":15,"column":10290},"end":{"line":15,"column":10290}},{"start":{"line":15,"column":10290},"end":{"line":15,"column":10290}}]},"69":{"line":15,"type":"if","locations":[{"start":{"line":15,"column":10317},"end":{"line":15,"column":10317}},{"start":{"line":15,"column":10317},"end":{"line":15,"column":10317}}]},"70":{"line":15,"type":"binary-expr","locations":[{"start":{"line":15,"column":10412},"end":{"line":15,"column":10413}},{"start":{"line":15,"column":10415},"end":{"line":15,"column":10419}}]},"71":{"line":15,"type":"binary-expr","locations":[{"start":{"line":15,"column":10522},"end":{"line":15,"column":10558}},{"start":{"line":15,"column":10560},"end":{"line":15,"column":10723}}]}},"code":["/*"," Copyright 2016 Google Inc. All Rights Reserved."," Licensed under the Apache License, Version 2.0 (the \"License\");"," you may not use this file except in compliance with the License."," You may obtain a copy of the License at","","     http://www.apache.org/licenses/LICENSE-2.0",""," Unless required by applicable law or agreed to in writing, software"," distributed under the License is distributed on an \"AS IS\" BASIS,"," WITHOUT WARRANTIES OR CONDITIONS OF ANY KIND, either express or implied."," See the License for the specific language governing permissions and"," limitations under the License.","*/","(function(a,b){'object'==typeof exports&&'undefined'!=typeof module?module.exports=b():'function'==typeof define&&define.amd?define(b):(a.goog=a.goog||{},a.goog.offlineGoogleAnalytics=b())})(this,function(){'use strict';var a={CACHE_NAME:'offline-google-analytics',IDB:{NAME:'offline-google-analytics',STORE:'urls',VERSION:1},MAX_ANALYTICS_BATCH_SIZE:20,STOP_RETRYING_AFTER:172800000,URL:{ANALYTICS_JS_PATH:'/analytics.js',COLLECT_PATH:'/collect',HOST:'www.google-analytics.com'}},b=function createCommonjsModule(q,r){return r={exports:{}},q(r,r.exports),r.exports}(function(q){'use strict';(function(){function toArray(s){return Array.prototype.slice.call(s)}function promisifyRequest(s){return new Promise(function(t,u){s.onsuccess=function(){t(s.result)},s.onerror=function(){u(s.error)}})}function promisifyRequestCall(s,t,u){var v,w=new Promise(function(x,y){v=s[t].apply(s,u),promisifyRequest(v).then(x,y)});return w.request=v,w}function promisifyCursorRequestCall(s,t,u){var v=promisifyRequestCall(s,t,u);return v.then(function(w){return w?new Cursor(w,v.request):void 0})}function proxyProperties(s,t,u){u.forEach(function(v){Object.defineProperty(s.prototype,v,{get:function(){return this[t][v]},set:function(w){this[t][v]=w}})})}function proxyRequestMethods(s,t,u,v){v.forEach(function(w){w in u.prototype&&(s.prototype[w]=function(){return promisifyRequestCall(this[t],w,arguments)})})}function proxyMethods(s,t,u,v){v.forEach(function(w){w in u.prototype&&(s.prototype[w]=function(){return this[t][w].apply(this[t],arguments)})})}function proxyCursorRequestMethods(s,t,u,v){v.forEach(function(w){w in u.prototype&&(s.prototype[w]=function(){return promisifyCursorRequestCall(this[t],w,arguments)})})}function Index(s){this._index=s}function Cursor(s,t){this._cursor=s,this._request=t}function ObjectStore(s){this._store=s}function Transaction(s){this._tx=s,this.complete=new Promise(function(t,u){s.oncomplete=function(){t()},s.onerror=function(){u(s.error)},s.onabort=function(){u(s.error)}})}function UpgradeDB(s,t,u){this._db=s,this.oldVersion=t,this.transaction=new Transaction(u)}function DB(s){this._db=s}proxyProperties(Index,'_index',['name','keyPath','multiEntry','unique']),proxyRequestMethods(Index,'_index',IDBIndex,['get','getKey','getAll','getAllKeys','count']),proxyCursorRequestMethods(Index,'_index',IDBIndex,['openCursor','openKeyCursor']),proxyProperties(Cursor,'_cursor',['direction','key','primaryKey','value']),proxyRequestMethods(Cursor,'_cursor',IDBCursor,['update','delete']),['advance','continue','continuePrimaryKey'].forEach(function(s){s in IDBCursor.prototype&&(Cursor.prototype[s]=function(){var t=this,u=arguments;return Promise.resolve().then(function(){return t._cursor[s].apply(t._cursor,u),promisifyRequest(t._request).then(function(v){return v?new Cursor(v,t._request):void 0})})})}),ObjectStore.prototype.createIndex=function(){return new Index(this._store.createIndex.apply(this._store,arguments))},ObjectStore.prototype.index=function(){return new Index(this._store.index.apply(this._store,arguments))},proxyProperties(ObjectStore,'_store',['name','keyPath','indexNames','autoIncrement']),proxyRequestMethods(ObjectStore,'_store',IDBObjectStore,['put','add','delete','clear','get','getAll','getKey','getAllKeys','count']),proxyCursorRequestMethods(ObjectStore,'_store',IDBObjectStore,['openCursor','openKeyCursor']),proxyMethods(ObjectStore,'_store',IDBObjectStore,['deleteIndex']),Transaction.prototype.objectStore=function(){return new ObjectStore(this._tx.objectStore.apply(this._tx,arguments))},proxyProperties(Transaction,'_tx',['objectStoreNames','mode']),proxyMethods(Transaction,'_tx',IDBTransaction,['abort']),UpgradeDB.prototype.createObjectStore=function(){return new ObjectStore(this._db.createObjectStore.apply(this._db,arguments))},proxyProperties(UpgradeDB,'_db',['name','version','objectStoreNames']),proxyMethods(UpgradeDB,'_db',IDBDatabase,['deleteObjectStore','close']),DB.prototype.transaction=function(){return new Transaction(this._db.transaction.apply(this._db,arguments))},proxyProperties(DB,'_db',['name','version','objectStoreNames']),proxyMethods(DB,'_db',IDBDatabase,['close']),['openCursor','openKeyCursor'].forEach(function(s){[ObjectStore,Index].forEach(function(t){t.prototype[s.replace('open','iterate')]=function(){var u=toArray(arguments),v=u[u.length-1],w=this._store||this._index,x=w[s].apply(w,u.slice(0,-1));x.onsuccess=function(){v(x.result)}}})}),[Index,ObjectStore].forEach(function(s){s.prototype.getAll||(s.prototype.getAll=function(t,u){var v=this,w=[];return new Promise(function(x){v.iterateCursor(t,function(y){return y?(w.push(y.value),void 0!==u&&w.length==u?void x(w):void y.continue()):void x(w)})})})});q.exports={open:function(s,t,u){var v=promisifyRequestCall(indexedDB,'open',[s,t]),w=v.request;return w.onupgradeneeded=function(x){u&&u(new UpgradeDB(w.result,x.oldVersion,w.transaction))},v.then(function(x){return new DB(x)})},delete:function(s){return promisifyRequestCall(indexedDB,'deleteDatabase',[s])}}})()});class IDBHelper{constructor(q,r,s){if(q==void 0||r==void 0||s==void 0)throw Error('name, version, storeName must be passed to the constructor.');this._name=q,this._version=r,this._storeName=s}_getDb(){return this._dbPromise?this._dbPromise:(this._dbPromise=b.open(this._name,this._version,(q)=>{q.createObjectStore(this._storeName)}).then((q)=>{return q}),this._dbPromise)}close(){return this._dbPromise?this._dbPromise.then((q)=>{q.close(),this._dbPromise=null}):void 0}put(q,r){return this._getDb().then((s)=>{const t=s.transaction(this._storeName,'readwrite'),u=t.objectStore(this._storeName);return u.put(r,q),t.complete})}delete(q){return this._getDb().then((r)=>{const s=r.transaction(this._storeName,'readwrite'),t=s.objectStore(this._storeName);return t.delete(q),s.complete})}get(q){return this._getDb().then((r)=>{return r.transaction(this._storeName).objectStore(this._storeName).get(q)})}getAllValues(){return this._getDb().then((q)=>{return q.transaction(this._storeName).objectStore(this._storeName).getAll()})}getAllKeys(){return this._getDb().then((q)=>{return q.transaction(this._storeName).objectStore(this._storeName).getAllKeys()})}}const c=new IDBHelper(a.IDB.NAME,a.IDB.VERSION,a.IDB.STORE);var d=(q,r)=>{const s=new URL(q.url);return q.text().then((t)=>{return t&&(s.search=t),c.put(s.toString(),r||Date.now())})};class LogGroup{constructor({title:q,isPrimary:r}={}){this._isPrimary=r||!1,this._groupTitle=q||'',this._logs=[],this._childGroups=[],this._isFirefox=!1,/Firefox\\/\\d*\\.\\d*/.exec(navigator.userAgent)&&(this._isFirefox=!0),this._isEdge=!1,/Edge\\/\\d*\\.\\d*/.exec(navigator.userAgent)&&(this._isEdge=!0)}addLog(q){this._logs.push(q)}addChildGroup(q){0===q._logs.length||this._childGroups.push(q)}print(){return this._isEdge?this._printEdgeFriendly():void(this._openGroup(),this._logs.forEach((q)=>{this._printLogDetails(q)}),this._childGroups.forEach((q)=>{q.print()}),this._closeGroup())}_printEdgeFriendly(){this._logs.forEach((q)=>{let s=q.message;'string'==typeof s&&(s=s.replace(/%c/g,''));const t=[s];q.error&&t.push(q.error),q.args&&t.push(q.args);const u=q.logFunc||console.log;u(...t)}),this._childGroups.forEach((q)=>{q.print()})}_printLogDetails(q){const r=q.logFunc?q.logFunc:console.log;let s=q.message,t=[s];q.colors&&!this._isEdge&&(t=t.concat(q.colors)),q.args&&(t=t.concat(q.args)),r(...t)}_openGroup(){if(this._isPrimary){if(0===this._childGroups.length)return;const q=this._logs.shift();if(this._isFirefox)return void this._printLogDetails(q);q.logFunc=console.group,this._printLogDetails(q)}else console.groupCollapsed(this._groupTitle)}_closeGroup(){this._isPrimary&&0===this._childGroups.length||console.groupEnd()}}self.goog=self.goog||{},self.goog.LOG_LEVEL=self.goog.LOG_LEVEL||{none:-1,verbose:0,debug:1,warn:2,error:3};const e=`#bdc3c7`,f=`#7f8c8d`,g=`#2ecc71`,h=`#f1c40f`,i=`#e74c3c`,j=`#3498db`;var k=new class LogHelper{constructor(){this._defaultLogLevel='localhost'===location.hostname?self.goog.LOG_LEVEL.debug:self.goog.LOG_LEVEL.none}log(q){this._printMessage(self.goog.LOG_LEVEL.verbose,q)}debug(q){this._printMessage(self.goog.LOG_LEVEL.debug,q)}warn(q){this._printMessage(self.goog.LOG_LEVEL.warn,q)}error(q){this._printMessage(self.goog.LOG_LEVEL.error,q)}_printMessage(q,r){if(this._shouldLogMessage(q,r)){const s=this._getAllLogGroups(q,r);s.print()}}_getAllLogGroups(q,r){const s=new LogGroup({isPrimary:!0,title:'sw-helpers log.'}),t=this._getPrimaryMessageDetails(q,r);if(s.addLog(t),r.error){const v={message:r.error,logFunc:console.error};s.addLog(v)}const u=new LogGroup({title:'Extra Information.'});if(r.that&&r.that.constructor&&r.that.constructor.name){const v=r.that.constructor.name;u.addLog(this._getKeyValueDetails('class',v))}return r.data&&('object'!=typeof r.data||r.data instanceof Array?u.addLog(this._getKeyValueDetails('additionalData',r.data)):Object.keys(r.data).forEach((v)=>{u.addLog(this._getKeyValueDetails(v,r.data[v]))})),s.addChildGroup(u),s}_getKeyValueDetails(q,r){return{message:`%c${q}: `,colors:[`color: ${j}`],args:r}}_getPrimaryMessageDetails(q,r){let s,t;q===self.goog.LOG_LEVEL.verbose?(s='Info',t=e):q===self.goog.LOG_LEVEL.debug?(s='Debug',t=g):q===self.goog.LOG_LEVEL.warn?(s='Warn',t=h):q===self.goog.LOG_LEVEL.error?(s='Error',t=i):void 0;let u=`%c🔧 %c[${s}]`;const v=[`color: ${e}`,`color: ${t}`];let w;return'string'==typeof r?w=r:r.message&&(w=r.message),w&&(u+=`%c ${w}`,v.push(`color: ${f}; font-weight: normal`)),{message:u,colors:v}}_shouldLogMessage(q,r){if(!r)return!1;let s=this._defaultLogLevel;return self&&self.goog&&'number'==typeof self.goog.logLevel&&(s=self.goog.logLevel),s===self.goog.LOG_LEVEL.none||q<s?!1:!0}};const l=new IDBHelper(a.IDB.NAME,a.IDB.VERSION,a.IDB.STORE);var m=(q)=>{return q=q||{},l.getAllKeys().then((r)=>{return Promise.all(r.map((s)=>{return l.get(s).then((t)=>{const u=Date.now()-t,v=new URL(s);if(!(u>a.STOP_RETRYING_AFTER)&&'searchParams'in v){let w=q.parameterOverrides||{};w.qt=u,Object.keys(w).sort().forEach((y)=>{v.searchParams.set(y,w[y])});let x=q.hitFilter;if('function'==typeof x)try{x(v.searchParams)}catch(y){return}return fetch(v.toString())}}).then(()=>l.delete(s))}))})};return{initialize:(q)=>{q=q||{};let r=!1;self.addEventListener('fetch',(s)=>{const t=new URL(s.request.url),u=s.request;if(t.hostname===a.URL.HOST)if(t.pathname===a.URL.COLLECT_PATH){const v=u.clone();s.respondWith(fetch(u).then((w)=>{return r&&m(q),r=!1,w},()=>{return k.log('Enqueuing failed request...'),r=!0,d(v).then(()=>Response.error())}))}else t.pathname===a.URL.ANALYTICS_JS_PATH&&s.respondWith(caches.open(a.CACHE_NAME).then((v)=>{return fetch(u).then((w)=>{return v.put(u,w.clone()).then(()=>w)}).catch((w)=>{return k.error(w),v.match(u)})}))}),m(q)}}});","//# sourceMappingURL=offline-google-analytics-import.min.js.map",""],"l":{"15":8}}}